2023-01-31 16:35:39 [restartedMain] INFO  com.natwest.CardApiApplication - Starting CardApiApplication using Java 17.0.4.1 with PID 16200 (C:\Jeeva1\Capstone Project\OnePlatform\card_api\target\classes started by RBS in C:\Jeeva1\Capstone Project\OnePlatform\card_api)
2023-01-31 16:35:39 [restartedMain] INFO  com.natwest.CardApiApplication - No active profile set, falling back to 1 default profile: "default"
2023-01-31 16:35:39 [restartedMain] INFO  o.s.b.d.e.DevToolsPropertyDefaultsPostProcessor - Devtools property defaults active! Set 'spring.devtools.add-properties' to 'false' to disable
2023-01-31 16:35:39 [restartedMain] INFO  o.s.b.d.e.DevToolsPropertyDefaultsPostProcessor - For additional web related logging consider setting the 'logging.level.web' property to 'DEBUG'
2023-01-31 16:35:41 [restartedMain] INFO  o.s.d.r.c.RepositoryConfigurationDelegate - Bootstrapping Spring Data JPA repositories in DEFAULT mode.
2023-01-31 16:35:41 [restartedMain] INFO  o.s.d.r.c.RepositoryConfigurationDelegate - Finished Spring Data repository scanning in 264 ms. Found 1 JPA repository interfaces.
2023-01-31 16:35:41 [restartedMain] INFO  o.s.cloud.context.scope.GenericScope - BeanFactory id=41a60fba-0a4e-3609-acd2-ad41e73783f7
2023-01-31 16:35:43 [restartedMain] INFO  o.s.b.w.e.tomcat.TomcatWebServer - Tomcat initialized with port(s): 8086 (http)
2023-01-31 16:35:43 [restartedMain] INFO  o.a.coyote.http11.Http11NioProtocol - Initializing ProtocolHandler ["http-nio-8086"]
2023-01-31 16:35:43 [restartedMain] INFO  o.a.catalina.core.StandardService - Starting service [Tomcat]
2023-01-31 16:35:43 [restartedMain] INFO  o.a.catalina.core.StandardEngine - Starting Servlet engine: [Apache Tomcat/10.1.5]
2023-01-31 16:35:43 [restartedMain] INFO  o.a.c.c.C.[Tomcat].[localhost].[/] - Initializing Spring embedded WebApplicationContext
2023-01-31 16:35:43 [restartedMain] INFO  o.s.b.w.s.c.ServletWebServerApplicationContext - Root WebApplicationContext: initialization completed in 3909 ms
2023-01-31 16:35:43 [restartedMain] INFO  o.h.jpa.internal.util.LogHelper - HHH000204: Processing PersistenceUnitInfo [name: default]
2023-01-31 16:35:43 [restartedMain] INFO  org.hibernate.Version - HHH000412: Hibernate ORM core version 6.1.6.Final
2023-01-31 16:35:43 [restartedMain] WARN  org.hibernate.orm.deprecation - HHH90000021: Encountered deprecated setting [javax.persistence.sharedCache.mode], use [jakarta.persistence.sharedCache.mode] instead
2023-01-31 16:35:44 [restartedMain] INFO  com.zaxxer.hikari.HikariDataSource - HikariPool-1 - Starting...
2023-01-31 16:35:44 [restartedMain] INFO  com.zaxxer.hikari.pool.HikariPool - HikariPool-1 - Added connection com.mysql.cj.jdbc.ConnectionImpl@68cfc1be
2023-01-31 16:35:44 [restartedMain] INFO  com.zaxxer.hikari.HikariDataSource - HikariPool-1 - Start completed.
2023-01-31 16:35:45 [restartedMain] INFO  SQL dialect - HHH000400: Using dialect: org.hibernate.dialect.MySQLDialect
2023-01-31 16:35:45 [restartedMain] INFO  o.h.c.b.TypeSafeActivator - Error calling `jakarta.validation.Validation#buildDefaultValidatorFactory`
jakarta.validation.NoProviderFoundException: Unable to create a Configuration, because no Jakarta Bean Validation provider could be found. Add a provider like Hibernate Validator (RI) to your classpath.
	at jakarta.validation.Validation$GenericBootstrapImpl.configure(Validation.java:291)
	at jakarta.validation.Validation.buildDefaultValidatorFactory(Validation.java:103)
	at org.hibernate.cfg.beanvalidation.TypeSafeActivator.getValidatorFactory(TypeSafeActivator.java:479)
	at org.hibernate.cfg.beanvalidation.TypeSafeActivator.activate(TypeSafeActivator.java:82)
	at java.base/jdk.internal.reflect.NativeMethodAccessorImpl.invoke0(Native Method)
	at java.base/jdk.internal.reflect.NativeMethodAccessorImpl.invoke(NativeMethodAccessorImpl.java:77)
	at java.base/jdk.internal.reflect.DelegatingMethodAccessorImpl.invoke(DelegatingMethodAccessorImpl.java:43)
	at java.base/java.lang.reflect.Method.invoke(Method.java:568)
	at org.hibernate.cfg.beanvalidation.BeanValidationIntegrator.integrate(BeanValidationIntegrator.java:137)
	at org.hibernate.internal.SessionFactoryImpl.<init>(SessionFactoryImpl.java:287)
	at org.hibernate.boot.internal.SessionFactoryBuilderImpl.build(SessionFactoryBuilderImpl.java:415)
	at org.hibernate.jpa.boot.internal.EntityManagerFactoryBuilderImpl.build(EntityManagerFactoryBuilderImpl.java:1425)
	at org.springframework.orm.jpa.vendor.SpringHibernateJpaPersistenceProvider.createContainerEntityManagerFactory(SpringHibernateJpaPersistenceProvider.java:66)
	at org.springframework.orm.jpa.LocalContainerEntityManagerFactoryBean.createNativeEntityManagerFactory(LocalContainerEntityManagerFactoryBean.java:376)
	at org.springframework.orm.jpa.AbstractEntityManagerFactoryBean.buildNativeEntityManagerFactory(AbstractEntityManagerFactoryBean.java:409)
	at org.springframework.orm.jpa.AbstractEntityManagerFactoryBean.afterPropertiesSet(AbstractEntityManagerFactoryBean.java:396)
	at org.springframework.orm.jpa.LocalContainerEntityManagerFactoryBean.afterPropertiesSet(LocalContainerEntityManagerFactoryBean.java:352)
	at org.springframework.beans.factory.support.AbstractAutowireCapableBeanFactory.invokeInitMethods(AbstractAutowireCapableBeanFactory.java:1797)
	at org.springframework.beans.factory.support.AbstractAutowireCapableBeanFactory.initializeBean(AbstractAutowireCapableBeanFactory.java:1747)
	at org.springframework.beans.factory.support.AbstractAutowireCapableBeanFactory.doCreateBean(AbstractAutowireCapableBeanFactory.java:599)
	at org.springframework.beans.factory.support.AbstractAutowireCapableBeanFactory.createBean(AbstractAutowireCapableBeanFactory.java:521)
	at org.springframework.beans.factory.support.AbstractBeanFactory.lambda$doGetBean$0(AbstractBeanFactory.java:326)
	at org.springframework.beans.factory.support.DefaultSingletonBeanRegistry.getSingleton(DefaultSingletonBeanRegistry.java:234)
	at org.springframework.beans.factory.support.AbstractBeanFactory.doGetBean(AbstractBeanFactory.java:324)
	at org.springframework.beans.factory.support.AbstractBeanFactory.getBean(AbstractBeanFactory.java:200)
	at org.springframework.context.support.AbstractApplicationContext.getBean(AbstractApplicationContext.java:1130)
	at org.springframework.context.support.AbstractApplicationContext.finishBeanFactoryInitialization(AbstractApplicationContext.java:905)
	at org.springframework.context.support.AbstractApplicationContext.refresh(AbstractApplicationContext.java:584)
	at org.springframework.boot.web.servlet.context.ServletWebServerApplicationContext.refresh(ServletWebServerApplicationContext.java:146)
	at org.springframework.boot.SpringApplication.refresh(SpringApplication.java:730)
	at org.springframework.boot.SpringApplication.refreshContext(SpringApplication.java:432)
	at org.springframework.boot.SpringApplication.run(SpringApplication.java:308)
	at org.springframework.boot.SpringApplication.run(SpringApplication.java:1302)
	at org.springframework.boot.SpringApplication.run(SpringApplication.java:1291)
	at com.natwest.CardApiApplication.main(CardApiApplication.java:17)
	at java.base/jdk.internal.reflect.NativeMethodAccessorImpl.invoke0(Native Method)
	at java.base/jdk.internal.reflect.NativeMethodAccessorImpl.invoke(NativeMethodAccessorImpl.java:77)
	at java.base/jdk.internal.reflect.DelegatingMethodAccessorImpl.invoke(DelegatingMethodAccessorImpl.java:43)
	at java.base/java.lang.reflect.Method.invoke(Method.java:568)
	at org.springframework.boot.devtools.restart.RestartLauncher.run(RestartLauncher.java:49)
2023-01-31 16:35:50 [restartedMain] INFO  o.h.e.t.j.p.i.JtaPlatformInitiator - HHH000490: Using JtaPlatform implementation: [org.hibernate.engine.transaction.jta.platform.internal.NoJtaPlatform]
2023-01-31 16:35:50 [restartedMain] INFO  o.s.o.j.LocalContainerEntityManagerFactoryBean - Initialized JPA EntityManagerFactory for persistence unit 'default'
2023-01-31 16:35:53 [restartedMain] WARN  o.s.b.a.o.j.JpaBaseConfiguration$JpaWebConfiguration - spring.jpa.open-in-view is enabled by default. Therefore, database queries may be performed during view rendering. Explicitly configure spring.jpa.open-in-view to disable this warning
2023-01-31 16:35:56 [restartedMain] WARN  o.s.b.d.a.OptionalLiveReloadServer - Unable to start LiveReload server
2023-01-31 16:35:56 [restartedMain] INFO  o.s.c.n.e.c.DiscoveryClientOptionalArgsConfiguration - Eureka HTTP Client uses RestTemplate.
2023-01-31 16:35:56 [restartedMain] WARN  o.s.c.l.c.LoadBalancerCacheAutoConfiguration$LoadBalancerCaffeineWarnLogger - Spring Cloud LoadBalancer is currently working with the default cache. While this cache implementation is useful for development and tests, it's recommended to use Caffeine cache in production.You can switch to using Caffeine cache, by adding it and org.springframework.cache.caffeine.CaffeineCacheManager to the classpath.
2023-01-31 16:35:57 [restartedMain] INFO  o.s.c.n.eureka.InstanceInfoFactory - Setting initial instance status as: STARTING
2023-01-31 16:35:57 [restartedMain] INFO  c.netflix.discovery.DiscoveryClient - Initializing Eureka in region us-east-1
2023-01-31 16:35:57 [restartedMain] INFO  c.n.d.s.r.aws.ConfigClusterResolver - Resolving eureka endpoints via configuration
2023-01-31 16:35:57 [restartedMain] INFO  c.netflix.discovery.DiscoveryClient - Disable delta property : false
2023-01-31 16:35:57 [restartedMain] INFO  c.netflix.discovery.DiscoveryClient - Single vip registry refresh property : null
2023-01-31 16:35:57 [restartedMain] INFO  c.netflix.discovery.DiscoveryClient - Force full registry fetch : false
2023-01-31 16:35:57 [restartedMain] INFO  c.netflix.discovery.DiscoveryClient - Application is null : false
2023-01-31 16:35:57 [restartedMain] INFO  c.netflix.discovery.DiscoveryClient - Registered Applications size is zero : true
2023-01-31 16:35:57 [restartedMain] INFO  c.netflix.discovery.DiscoveryClient - Application version is -1: true
2023-01-31 16:35:57 [restartedMain] INFO  c.netflix.discovery.DiscoveryClient - Getting all instance registry info from the eureka server
2023-01-31 16:35:59 [restartedMain] INFO  c.netflix.discovery.DiscoveryClient - The response status is 200
2023-01-31 16:35:59 [restartedMain] INFO  c.netflix.discovery.DiscoveryClient - Starting heartbeat executor: renew interval is: 30
2023-01-31 16:35:59 [restartedMain] INFO  c.n.discovery.InstanceInfoReplicator - InstanceInfoReplicator onDemand update allowed rate per min is 4
2023-01-31 16:35:59 [restartedMain] INFO  c.netflix.discovery.DiscoveryClient - Discovery Client initialized at timestamp 1675163159077 with initial instances count: 5
2023-01-31 16:35:59 [restartedMain] INFO  o.s.c.n.e.s.EurekaServiceRegistry - Registering application CARD-API with eureka with status UP
2023-01-31 16:35:59 [restartedMain] INFO  c.netflix.discovery.DiscoveryClient - Saw local status change event StatusChangeEvent [timestamp=1675163159081, current=UP, previous=STARTING]
2023-01-31 16:35:59 [DiscoveryClient-InstanceInfoReplicator-0] INFO  c.netflix.discovery.DiscoveryClient - DiscoveryClient_CARD-API/LAPTOP-8U8N5CC9:card-api:8086: registering service...
2023-01-31 16:35:59 [restartedMain] INFO  o.a.coyote.http11.Http11NioProtocol - Starting ProtocolHandler ["http-nio-8086"]
2023-01-31 16:35:59 [restartedMain] INFO  o.s.b.w.e.tomcat.TomcatWebServer - Tomcat started on port(s): 8086 (http) with context path ''
2023-01-31 16:35:59 [restartedMain] INFO  o.s.c.n.e.s.EurekaAutoServiceRegistration - Updating port to 8086
2023-01-31 16:35:59 [restartedMain] INFO  com.natwest.CardApiApplication - Started CardApiApplication in 21.127 seconds (process running for 23.215)
2023-01-31 16:35:59 [DiscoveryClient-InstanceInfoReplicator-0] INFO  c.netflix.discovery.DiscoveryClient - DiscoveryClient_CARD-API/LAPTOP-8U8N5CC9:card-api:8086 - registration status: 204
2023-01-31 16:37:20 [RMI TCP Connection(11)-127.0.0.1] INFO  o.s.b.a.SpringApplicationAdminMXBeanRegistrar$SpringApplicationAdmin - Application shutdown requested.
2023-01-31 16:37:20 [RMI TCP Connection(11)-127.0.0.1] INFO  o.s.c.n.e.s.EurekaServiceRegistry - Unregistering application CARD-API with eureka with status DOWN
2023-01-31 16:37:20 [RMI TCP Connection(11)-127.0.0.1] INFO  c.netflix.discovery.DiscoveryClient - Saw local status change event StatusChangeEvent [timestamp=1675163240490, current=DOWN, previous=UP]
2023-01-31 16:37:20 [DiscoveryClient-InstanceInfoReplicator-0] INFO  c.netflix.discovery.DiscoveryClient - DiscoveryClient_CARD-API/LAPTOP-8U8N5CC9:card-api:8086: registering service...
2023-01-31 16:37:20 [RMI TCP Connection(11)-127.0.0.1] INFO  o.a.coyote.http11.Http11NioProtocol - Pausing ProtocolHandler ["http-nio-8086"]
2023-01-31 16:37:20 [RMI TCP Connection(11)-127.0.0.1] INFO  o.a.catalina.core.StandardService - Stopping service [Tomcat]
2023-01-31 16:37:20 [RMI TCP Connection(11)-127.0.0.1] INFO  o.a.coyote.http11.Http11NioProtocol - Stopping ProtocolHandler ["http-nio-8086"]
2023-01-31 16:37:20 [RMI TCP Connection(11)-127.0.0.1] INFO  o.a.coyote.http11.Http11NioProtocol - Destroying ProtocolHandler ["http-nio-8086"]
2023-01-31 16:37:20 [RMI TCP Connection(11)-127.0.0.1] INFO  o.s.o.j.LocalContainerEntityManagerFactoryBean - Closing JPA EntityManagerFactory for persistence unit 'default'
2023-01-31 16:37:20 [RMI TCP Connection(11)-127.0.0.1] INFO  com.zaxxer.hikari.HikariDataSource - HikariPool-1 - Shutdown initiated...
2023-01-31 16:37:20 [RMI TCP Connection(11)-127.0.0.1] INFO  com.zaxxer.hikari.HikariDataSource - HikariPool-1 - Shutdown completed.
2023-01-31 16:37:20 [RMI TCP Connection(11)-127.0.0.1] INFO  c.netflix.discovery.DiscoveryClient - Shutting down DiscoveryClient ...
2023-01-31 16:37:20 [DiscoveryClient-InstanceInfoReplicator-0] INFO  c.netflix.discovery.DiscoveryClient - DiscoveryClient_CARD-API/LAPTOP-8U8N5CC9:card-api:8086 - registration status: 204
2023-01-31 16:37:20 [RMI TCP Connection(11)-127.0.0.1] INFO  c.netflix.discovery.DiscoveryClient - Unregistering ...
2023-01-31 16:37:20 [RMI TCP Connection(11)-127.0.0.1] INFO  c.netflix.discovery.DiscoveryClient - DiscoveryClient_CARD-API/LAPTOP-8U8N5CC9:card-api:8086 - deregister  status: 200
2023-01-31 16:37:20 [RMI TCP Connection(11)-127.0.0.1] INFO  c.netflix.discovery.DiscoveryClient - Completed shut down of DiscoveryClient
