2023-02-02 23:19:19 [restartedMain] INFO  c.natwest.TransactionApiApplication - Starting TransactionApiApplication using Java 17.0.4.1 with PID 7036 (C:\Jeeva1\Capstone Project\OnePlatform\transaction_api\target\classes started by RBS in C:\Jeeva1\Capstone Project\OnePlatform\transaction_api)
2023-02-02 23:19:19 [restartedMain] INFO  c.natwest.TransactionApiApplication - No active profile set, falling back to 1 default profile: "default"
2023-02-02 23:19:20 [restartedMain] INFO  o.s.b.d.e.DevToolsPropertyDefaultsPostProcessor - Devtools property defaults active! Set 'spring.devtools.add-properties' to 'false' to disable
2023-02-02 23:19:20 [restartedMain] INFO  o.s.b.d.e.DevToolsPropertyDefaultsPostProcessor - For additional web related logging consider setting the 'logging.level.web' property to 'DEBUG'
2023-02-02 23:19:23 [restartedMain] INFO  o.s.d.r.c.RepositoryConfigurationDelegate - Bootstrapping Spring Data JPA repositories in DEFAULT mode.
2023-02-02 23:19:24 [restartedMain] INFO  o.s.d.r.c.RepositoryConfigurationDelegate - Finished Spring Data repository scanning in 461 ms. Found 1 JPA repository interfaces.
2023-02-02 23:19:25 [restartedMain] INFO  o.s.cloud.context.scope.GenericScope - BeanFactory id=7f4fc1b3-9243-354e-8acf-0bbb9f2a1ba6
2023-02-02 23:19:27 [restartedMain] INFO  o.s.b.w.e.tomcat.TomcatWebServer - Tomcat initialized with port(s): 8085 (http)
2023-02-02 23:19:27 [restartedMain] INFO  o.a.coyote.http11.Http11NioProtocol - Initializing ProtocolHandler ["http-nio-8085"]
2023-02-02 23:19:27 [restartedMain] INFO  o.a.catalina.core.StandardService - Starting service [Tomcat]
2023-02-02 23:19:27 [restartedMain] INFO  o.a.catalina.core.StandardEngine - Starting Servlet engine: [Apache Tomcat/10.1.5]
2023-02-02 23:19:27 [restartedMain] INFO  o.a.c.c.C.[Tomcat].[localhost].[/] - Initializing Spring embedded WebApplicationContext
2023-02-02 23:19:27 [restartedMain] INFO  o.s.b.w.s.c.ServletWebServerApplicationContext - Root WebApplicationContext: initialization completed in 7577 ms
2023-02-02 23:19:28 [restartedMain] INFO  o.h.jpa.internal.util.LogHelper - HHH000204: Processing PersistenceUnitInfo [name: default]
2023-02-02 23:19:28 [restartedMain] INFO  org.hibernate.Version - HHH000412: Hibernate ORM core version 6.1.6.Final
2023-02-02 23:19:29 [restartedMain] WARN  org.hibernate.orm.deprecation - HHH90000021: Encountered deprecated setting [javax.persistence.sharedCache.mode], use [jakarta.persistence.sharedCache.mode] instead
2023-02-02 23:19:29 [restartedMain] INFO  com.zaxxer.hikari.HikariDataSource - HikariPool-1 - Starting...
2023-02-02 23:19:31 [restartedMain] INFO  com.zaxxer.hikari.pool.HikariPool - HikariPool-1 - Added connection com.mysql.cj.jdbc.ConnectionImpl@15e46701
2023-02-02 23:19:31 [restartedMain] INFO  com.zaxxer.hikari.HikariDataSource - HikariPool-1 - Start completed.
2023-02-02 23:19:32 [restartedMain] INFO  SQL dialect - HHH000400: Using dialect: org.hibernate.dialect.MySQLDialect
2023-02-02 23:19:32 [restartedMain] INFO  o.h.c.b.TypeSafeActivator - Error calling `jakarta.validation.Validation#buildDefaultValidatorFactory`
jakarta.validation.NoProviderFoundException: Unable to create a Configuration, because no Jakarta Bean Validation provider could be found. Add a provider like Hibernate Validator (RI) to your classpath.
	at jakarta.validation.Validation$GenericBootstrapImpl.configure(Validation.java:291)
	at jakarta.validation.Validation.buildDefaultValidatorFactory(Validation.java:103)
	at org.hibernate.cfg.beanvalidation.TypeSafeActivator.getValidatorFactory(TypeSafeActivator.java:479)
	at org.hibernate.cfg.beanvalidation.TypeSafeActivator.activate(TypeSafeActivator.java:82)
	at java.base/jdk.internal.reflect.NativeMethodAccessorImpl.invoke0(Native Method)
	at java.base/jdk.internal.reflect.NativeMethodAccessorImpl.invoke(NativeMethodAccessorImpl.java:77)
	at java.base/jdk.internal.reflect.DelegatingMethodAccessorImpl.invoke(DelegatingMethodAccessorImpl.java:43)
	at java.base/java.lang.reflect.Method.invoke(Method.java:568)
	at org.hibernate.cfg.beanvalidation.BeanValidationIntegrator.integrate(BeanValidationIntegrator.java:137)
	at org.hibernate.internal.SessionFactoryImpl.<init>(SessionFactoryImpl.java:287)
	at org.hibernate.boot.internal.SessionFactoryBuilderImpl.build(SessionFactoryBuilderImpl.java:415)
	at org.hibernate.jpa.boot.internal.EntityManagerFactoryBuilderImpl.build(EntityManagerFactoryBuilderImpl.java:1425)
	at org.springframework.orm.jpa.vendor.SpringHibernateJpaPersistenceProvider.createContainerEntityManagerFactory(SpringHibernateJpaPersistenceProvider.java:66)
	at org.springframework.orm.jpa.LocalContainerEntityManagerFactoryBean.createNativeEntityManagerFactory(LocalContainerEntityManagerFactoryBean.java:376)
	at org.springframework.orm.jpa.AbstractEntityManagerFactoryBean.buildNativeEntityManagerFactory(AbstractEntityManagerFactoryBean.java:409)
	at org.springframework.orm.jpa.AbstractEntityManagerFactoryBean.afterPropertiesSet(AbstractEntityManagerFactoryBean.java:396)
	at org.springframework.orm.jpa.LocalContainerEntityManagerFactoryBean.afterPropertiesSet(LocalContainerEntityManagerFactoryBean.java:352)
	at org.springframework.beans.factory.support.AbstractAutowireCapableBeanFactory.invokeInitMethods(AbstractAutowireCapableBeanFactory.java:1797)
	at org.springframework.beans.factory.support.AbstractAutowireCapableBeanFactory.initializeBean(AbstractAutowireCapableBeanFactory.java:1747)
	at org.springframework.beans.factory.support.AbstractAutowireCapableBeanFactory.doCreateBean(AbstractAutowireCapableBeanFactory.java:599)
	at org.springframework.beans.factory.support.AbstractAutowireCapableBeanFactory.createBean(AbstractAutowireCapableBeanFactory.java:521)
	at org.springframework.beans.factory.support.AbstractBeanFactory.lambda$doGetBean$0(AbstractBeanFactory.java:326)
	at org.springframework.beans.factory.support.DefaultSingletonBeanRegistry.getSingleton(DefaultSingletonBeanRegistry.java:234)
	at org.springframework.beans.factory.support.AbstractBeanFactory.doGetBean(AbstractBeanFactory.java:324)
	at org.springframework.beans.factory.support.AbstractBeanFactory.getBean(AbstractBeanFactory.java:200)
	at org.springframework.context.support.AbstractApplicationContext.getBean(AbstractApplicationContext.java:1130)
	at org.springframework.context.support.AbstractApplicationContext.finishBeanFactoryInitialization(AbstractApplicationContext.java:905)
	at org.springframework.context.support.AbstractApplicationContext.refresh(AbstractApplicationContext.java:584)
	at org.springframework.boot.web.servlet.context.ServletWebServerApplicationContext.refresh(ServletWebServerApplicationContext.java:146)
	at org.springframework.boot.SpringApplication.refresh(SpringApplication.java:730)
	at org.springframework.boot.SpringApplication.refreshContext(SpringApplication.java:432)
	at org.springframework.boot.SpringApplication.run(SpringApplication.java:308)
	at org.springframework.boot.SpringApplication.run(SpringApplication.java:1302)
	at org.springframework.boot.SpringApplication.run(SpringApplication.java:1291)
	at com.natwest.TransactionApiApplication.main(TransactionApiApplication.java:16)
	at java.base/jdk.internal.reflect.NativeMethodAccessorImpl.invoke0(Native Method)
	at java.base/jdk.internal.reflect.NativeMethodAccessorImpl.invoke(NativeMethodAccessorImpl.java:77)
	at java.base/jdk.internal.reflect.DelegatingMethodAccessorImpl.invoke(DelegatingMethodAccessorImpl.java:43)
	at java.base/java.lang.reflect.Method.invoke(Method.java:568)
	at org.springframework.boot.devtools.restart.RestartLauncher.run(RestartLauncher.java:49)
2023-02-02 23:19:34 [restartedMain] INFO  o.h.e.t.j.p.i.JtaPlatformInitiator - HHH000490: Using JtaPlatform implementation: [org.hibernate.engine.transaction.jta.platform.internal.NoJtaPlatform]
2023-02-02 23:19:34 [restartedMain] INFO  o.s.o.j.LocalContainerEntityManagerFactoryBean - Initialized JPA EntityManagerFactory for persistence unit 'default'
2023-02-02 23:19:36 [restartedMain] WARN  o.s.b.a.o.j.JpaBaseConfiguration$JpaWebConfiguration - spring.jpa.open-in-view is enabled by default. Therefore, database queries may be performed during view rendering. Explicitly configure spring.jpa.open-in-view to disable this warning
2023-02-02 23:19:40 [restartedMain] WARN  o.s.b.d.a.OptionalLiveReloadServer - Unable to start LiveReload server
2023-02-02 23:19:40 [restartedMain] INFO  o.s.c.n.e.c.DiscoveryClientOptionalArgsConfiguration - Eureka HTTP Client uses RestTemplate.
2023-02-02 23:19:40 [restartedMain] WARN  o.s.c.l.c.LoadBalancerCacheAutoConfiguration$LoadBalancerCaffeineWarnLogger - Spring Cloud LoadBalancer is currently working with the default cache. While this cache implementation is useful for development and tests, it's recommended to use Caffeine cache in production.You can switch to using Caffeine cache, by adding it and org.springframework.cache.caffeine.CaffeineCacheManager to the classpath.
2023-02-02 23:19:41 [restartedMain] INFO  o.s.c.n.eureka.InstanceInfoFactory - Setting initial instance status as: STARTING
2023-02-02 23:19:41 [restartedMain] INFO  c.netflix.discovery.DiscoveryClient - Initializing Eureka in region us-east-1
2023-02-02 23:19:41 [restartedMain] INFO  c.n.d.s.r.aws.ConfigClusterResolver - Resolving eureka endpoints via configuration
2023-02-02 23:19:41 [restartedMain] INFO  c.netflix.discovery.DiscoveryClient - Disable delta property : false
2023-02-02 23:19:41 [restartedMain] INFO  c.netflix.discovery.DiscoveryClient - Single vip registry refresh property : null
2023-02-02 23:19:41 [restartedMain] INFO  c.netflix.discovery.DiscoveryClient - Force full registry fetch : false
2023-02-02 23:19:41 [restartedMain] INFO  c.netflix.discovery.DiscoveryClient - Application is null : false
2023-02-02 23:19:41 [restartedMain] INFO  c.netflix.discovery.DiscoveryClient - Registered Applications size is zero : true
2023-02-02 23:19:41 [restartedMain] INFO  c.netflix.discovery.DiscoveryClient - Application version is -1: true
2023-02-02 23:19:41 [restartedMain] INFO  c.netflix.discovery.DiscoveryClient - Getting all instance registry info from the eureka server
2023-02-02 23:19:42 [restartedMain] INFO  c.netflix.discovery.DiscoveryClient - The response status is 200
2023-02-02 23:19:42 [restartedMain] INFO  c.netflix.discovery.DiscoveryClient - Starting heartbeat executor: renew interval is: 30
2023-02-02 23:19:42 [restartedMain] INFO  c.n.discovery.InstanceInfoReplicator - InstanceInfoReplicator onDemand update allowed rate per min is 4
2023-02-02 23:19:42 [restartedMain] INFO  c.netflix.discovery.DiscoveryClient - Discovery Client initialized at timestamp 1675360182512 with initial instances count: 5
2023-02-02 23:19:42 [restartedMain] INFO  o.s.c.n.e.s.EurekaServiceRegistry - Registering application TRANSACTION-API with eureka with status UP
2023-02-02 23:19:42 [restartedMain] INFO  c.netflix.discovery.DiscoveryClient - Saw local status change event StatusChangeEvent [timestamp=1675360182523, current=UP, previous=STARTING]
2023-02-02 23:19:42 [DiscoveryClient-InstanceInfoReplicator-0] INFO  c.netflix.discovery.DiscoveryClient - DiscoveryClient_TRANSACTION-API/LAPTOP-8U8N5CC9:transaction-api:8085: registering service...
2023-02-02 23:19:42 [restartedMain] INFO  o.a.coyote.http11.Http11NioProtocol - Starting ProtocolHandler ["http-nio-8085"]
2023-02-02 23:19:42 [restartedMain] INFO  o.s.b.w.e.tomcat.TomcatWebServer - Tomcat started on port(s): 8085 (http) with context path ''
2023-02-02 23:19:42 [restartedMain] INFO  o.s.c.n.e.s.EurekaAutoServiceRegistration - Updating port to 8085
2023-02-02 23:19:42 [restartedMain] INFO  c.natwest.TransactionApiApplication - Started TransactionApiApplication in 25.525 seconds (process running for 35.486)
2023-02-02 23:19:43 [DiscoveryClient-InstanceInfoReplicator-0] INFO  c.netflix.discovery.DiscoveryClient - DiscoveryClient_TRANSACTION-API/LAPTOP-8U8N5CC9:transaction-api:8085 - registration status: 204
2023-02-02 23:22:39 [http-nio-8085-exec-1] INFO  o.a.c.c.C.[Tomcat].[localhost].[/] - Initializing Spring DispatcherServlet 'dispatcherServlet'
2023-02-02 23:22:39 [http-nio-8085-exec-1] INFO  o.s.web.servlet.DispatcherServlet - Initializing Servlet 'dispatcherServlet'
2023-02-02 23:22:39 [http-nio-8085-exec-1] INFO  o.s.web.servlet.DispatcherServlet - Completed initialization in 1 ms
2023-02-02 23:22:39 [http-nio-8085-exec-1] INFO  com.natwest.aspect.LoggerAspect - Method name: com.natwest.controller.TransactionController
2023-02-02 23:22:39 [http-nio-8085-exec-1] INFO  com.natwest.aspect.LoggerAspect - Method arguments:[Ljava.lang.Object;@1794b8b7
2023-02-02 23:22:39 [http-nio-8085-exec-1] INFO  com.natwest.aspect.LoggerAspect - **************Around advice called***********************
2023-02-02 23:22:39 [http-nio-8085-exec-1] INFO  com.natwest.aspect.LoggerAspect - ***************
2023-02-02 23:22:39 [http-nio-8085-exec-1] INFO  com.natwest.aspect.LoggerAspect - Method name executed: com.natwest.controller.TransactionControlleraddTrans
2023-02-02 23:22:44 [http-nio-8085-exec-1] INFO  com.natwest.aspect.LoggerAspect - ***************
2023-02-02 23:22:44 [http-nio-8085-exec-1] INFO  com.natwest.aspect.LoggerAspect - Method arguments are: [Transaction [transactionId=152, transactionType=Debit, transactionAmount=2000.0, transactionDate=2023-02-02T23:22:39.226217700, transactionDesc=Food Bill, cardNo=9638527419638521]]
2023-02-02 23:22:44 [http-nio-8085-exec-1] INFO  com.natwest.aspect.LoggerAspect - Output:<201 CREATED Created,Transaction [transactionId=152, transactionType=Debit, transactionAmount=2000.0, transactionDate=2023-02-02T23:22:39.226217700, transactionDesc=Food Bill, cardNo=9638527419638521],[]>
2023-02-02 23:24:41 [AsyncResolver-bootstrap-executor-0] INFO  c.n.d.s.r.aws.ConfigClusterResolver - Resolving eureka endpoints via configuration
2023-02-02 23:26:13 [http-nio-8085-exec-6] INFO  com.natwest.aspect.LoggerAspect - Method name: com.natwest.controller.TransactionController
2023-02-02 23:26:13 [http-nio-8085-exec-6] INFO  com.natwest.aspect.LoggerAspect - Method arguments:[Ljava.lang.Object;@67df10b3
2023-02-02 23:26:13 [http-nio-8085-exec-6] INFO  com.natwest.aspect.LoggerAspect - **************Around advice called***********************
2023-02-02 23:26:13 [http-nio-8085-exec-6] INFO  com.natwest.aspect.LoggerAspect - ***************
2023-02-02 23:26:13 [http-nio-8085-exec-6] INFO  com.natwest.aspect.LoggerAspect - Method name executed: com.natwest.controller.TransactionControlleraddTrans
2023-02-02 23:26:17 [http-nio-8085-exec-6] INFO  com.natwest.aspect.LoggerAspect - ***************
2023-02-02 23:26:17 [http-nio-8085-exec-6] INFO  com.natwest.aspect.LoggerAspect - Method arguments are: [Transaction [transactionId=153, transactionType=Debit, transactionAmount=500.0, transactionDate=2023-02-02T23:26:13.884009500, transactionDesc=Fuel expense, cardNo=9638527419638521]]
2023-02-02 23:26:17 [http-nio-8085-exec-6] INFO  com.natwest.aspect.LoggerAspect - Output:<201 CREATED Created,Transaction [transactionId=153, transactionType=Debit, transactionAmount=500.0, transactionDate=2023-02-02T23:26:13.884009500, transactionDesc=Fuel expense, cardNo=9638527419638521],[]>
2023-02-02 23:29:41 [AsyncResolver-bootstrap-executor-0] INFO  c.n.d.s.r.aws.ConfigClusterResolver - Resolving eureka endpoints via configuration
2023-02-02 23:34:41 [AsyncResolver-bootstrap-executor-0] INFO  c.n.d.s.r.aws.ConfigClusterResolver - Resolving eureka endpoints via configuration
2023-02-02 23:39:41 [AsyncResolver-bootstrap-executor-0] INFO  c.n.d.s.r.aws.ConfigClusterResolver - Resolving eureka endpoints via configuration
2023-02-02 23:44:41 [AsyncResolver-bootstrap-executor-0] INFO  c.n.d.s.r.aws.ConfigClusterResolver - Resolving eureka endpoints via configuration
2023-02-02 23:49:41 [AsyncResolver-bootstrap-executor-0] INFO  c.n.d.s.r.aws.ConfigClusterResolver - Resolving eureka endpoints via configuration
2023-02-02 23:54:41 [AsyncResolver-bootstrap-executor-0] INFO  c.n.d.s.r.aws.ConfigClusterResolver - Resolving eureka endpoints via configuration
2023-02-02 23:59:41 [AsyncResolver-bootstrap-executor-0] INFO  c.n.d.s.r.aws.ConfigClusterResolver - Resolving eureka endpoints via configuration
2023-02-03 00:04:41 [AsyncResolver-bootstrap-executor-0] INFO  c.n.d.s.r.aws.ConfigClusterResolver - Resolving eureka endpoints via configuration
2023-02-03 00:09:41 [AsyncResolver-bootstrap-executor-0] INFO  c.n.d.s.r.aws.ConfigClusterResolver - Resolving eureka endpoints via configuration
2023-02-03 00:14:41 [AsyncResolver-bootstrap-executor-0] INFO  c.n.d.s.r.aws.ConfigClusterResolver - Resolving eureka endpoints via configuration
2023-02-03 00:19:41 [AsyncResolver-bootstrap-executor-0] INFO  c.n.d.s.r.aws.ConfigClusterResolver - Resolving eureka endpoints via configuration
2023-02-03 00:24:41 [AsyncResolver-bootstrap-executor-0] INFO  c.n.d.s.r.aws.ConfigClusterResolver - Resolving eureka endpoints via configuration
2023-02-03 00:29:41 [AsyncResolver-bootstrap-executor-0] INFO  c.n.d.s.r.aws.ConfigClusterResolver - Resolving eureka endpoints via configuration
2023-02-03 00:34:41 [AsyncResolver-bootstrap-executor-0] INFO  c.n.d.s.r.aws.ConfigClusterResolver - Resolving eureka endpoints via configuration
2023-02-03 00:39:41 [AsyncResolver-bootstrap-executor-0] INFO  c.n.d.s.r.aws.ConfigClusterResolver - Resolving eureka endpoints via configuration
2023-02-03 00:44:41 [AsyncResolver-bootstrap-executor-0] INFO  c.n.d.s.r.aws.ConfigClusterResolver - Resolving eureka endpoints via configuration
2023-02-03 00:49:41 [AsyncResolver-bootstrap-executor-0] INFO  c.n.d.s.r.aws.ConfigClusterResolver - Resolving eureka endpoints via configuration
2023-02-03 00:54:41 [AsyncResolver-bootstrap-executor-0] INFO  c.n.d.s.r.aws.ConfigClusterResolver - Resolving eureka endpoints via configuration
2023-02-03 00:59:41 [AsyncResolver-bootstrap-executor-0] INFO  c.n.d.s.r.aws.ConfigClusterResolver - Resolving eureka endpoints via configuration
2023-02-03 01:04:41 [AsyncResolver-bootstrap-executor-0] INFO  c.n.d.s.r.aws.ConfigClusterResolver - Resolving eureka endpoints via configuration
2023-02-03 01:09:41 [AsyncResolver-bootstrap-executor-0] INFO  c.n.d.s.r.aws.ConfigClusterResolver - Resolving eureka endpoints via configuration
2023-02-03 01:14:41 [AsyncResolver-bootstrap-executor-0] INFO  c.n.d.s.r.aws.ConfigClusterResolver - Resolving eureka endpoints via configuration
2023-02-03 01:19:41 [AsyncResolver-bootstrap-executor-0] INFO  c.n.d.s.r.aws.ConfigClusterResolver - Resolving eureka endpoints via configuration
2023-02-03 01:24:41 [AsyncResolver-bootstrap-executor-0] INFO  c.n.d.s.r.aws.ConfigClusterResolver - Resolving eureka endpoints via configuration
2023-02-03 01:29:41 [AsyncResolver-bootstrap-executor-0] INFO  c.n.d.s.r.aws.ConfigClusterResolver - Resolving eureka endpoints via configuration
2023-02-03 01:34:41 [AsyncResolver-bootstrap-executor-0] INFO  c.n.d.s.r.aws.ConfigClusterResolver - Resolving eureka endpoints via configuration
2023-02-03 01:39:41 [AsyncResolver-bootstrap-executor-0] INFO  c.n.d.s.r.aws.ConfigClusterResolver - Resolving eureka endpoints via configuration
2023-02-03 01:44:41 [AsyncResolver-bootstrap-executor-0] INFO  c.n.d.s.r.aws.ConfigClusterResolver - Resolving eureka endpoints via configuration
2023-02-03 01:49:41 [AsyncResolver-bootstrap-executor-0] INFO  c.n.d.s.r.aws.ConfigClusterResolver - Resolving eureka endpoints via configuration
2023-02-03 01:54:41 [AsyncResolver-bootstrap-executor-0] INFO  c.n.d.s.r.aws.ConfigClusterResolver - Resolving eureka endpoints via configuration
2023-02-03 01:59:41 [AsyncResolver-bootstrap-executor-0] INFO  c.n.d.s.r.aws.ConfigClusterResolver - Resolving eureka endpoints via configuration
2023-02-03 02:04:41 [AsyncResolver-bootstrap-executor-0] INFO  c.n.d.s.r.aws.ConfigClusterResolver - Resolving eureka endpoints via configuration
2023-02-03 02:08:50 [RMI TCP Connection(211)-127.0.0.1] INFO  o.s.b.a.SpringApplicationAdminMXBeanRegistrar$SpringApplicationAdmin - Application shutdown requested.
2023-02-03 02:08:59 [RMI TCP Connection(211)-127.0.0.1] INFO  o.s.c.n.e.s.EurekaServiceRegistry - Unregistering application TRANSACTION-API with eureka with status DOWN
2023-02-03 02:08:59 [RMI TCP Connection(211)-127.0.0.1] INFO  c.netflix.discovery.DiscoveryClient - Saw local status change event StatusChangeEvent [timestamp=1675370339791, current=DOWN, previous=UP]
2023-02-03 02:09:00 [DiscoveryClient-InstanceInfoReplicator-0] INFO  c.netflix.discovery.DiscoveryClient - DiscoveryClient_TRANSACTION-API/LAPTOP-8U8N5CC9:transaction-api:8085: registering service...
2023-02-03 02:09:10 [DiscoveryClient-InstanceInfoReplicator-0] INFO  c.netflix.discovery.DiscoveryClient - DiscoveryClient_TRANSACTION-API/LAPTOP-8U8N5CC9:transaction-api:8085 - registration status: 204
2023-02-03 02:09:26 [RMI TCP Connection(211)-127.0.0.1] INFO  o.a.coyote.http11.Http11NioProtocol - Pausing ProtocolHandler ["http-nio-8085"]
2023-02-03 02:09:26 [RMI TCP Connection(211)-127.0.0.1] INFO  o.a.catalina.core.StandardService - Stopping service [Tomcat]
2023-02-03 02:09:29 [RMI TCP Connection(211)-127.0.0.1] INFO  o.a.c.c.C.[Tomcat].[localhost].[/] - Destroying Spring FrameworkServlet 'dispatcherServlet'
2023-02-03 02:09:41 [AsyncResolver-bootstrap-executor-0] INFO  c.n.d.s.r.aws.ConfigClusterResolver - Resolving eureka endpoints via configuration
2023-02-03 02:09:43 [RMI TCP Connection(211)-127.0.0.1] INFO  o.a.coyote.http11.Http11NioProtocol - Stopping ProtocolHandler ["http-nio-8085"]
2023-02-03 02:09:44 [RMI TCP Connection(211)-127.0.0.1] WARN  o.apache.tomcat.util.net.NioEndpoint - The pollers did not stop within the expected time
2023-02-03 02:09:49 [RMI TCP Connection(211)-127.0.0.1] INFO  o.a.coyote.http11.Http11NioProtocol - Destroying ProtocolHandler ["http-nio-8085"]
2023-02-03 02:09:52 [RMI TCP Connection(211)-127.0.0.1] INFO  o.s.o.j.LocalContainerEntityManagerFactoryBean - Closing JPA EntityManagerFactory for persistence unit 'default'
2023-02-03 02:10:01 [RMI TCP Connection(211)-127.0.0.1] INFO  com.zaxxer.hikari.HikariDataSource - HikariPool-1 - Shutdown initiated...
2023-02-03 02:10:06 [RMI TCP Connection(211)-127.0.0.1] INFO  com.zaxxer.hikari.HikariDataSource - HikariPool-1 - Shutdown completed.
2023-02-03 02:10:06 [RMI TCP Connection(211)-127.0.0.1] INFO  c.netflix.discovery.DiscoveryClient - Shutting down DiscoveryClient ...
2023-02-03 02:10:09 [RMI TCP Connection(211)-127.0.0.1] INFO  c.netflix.discovery.DiscoveryClient - Unregistering ...
2023-02-03 02:10:10 [RMI TCP Connection(211)-127.0.0.1] INFO  c.netflix.discovery.DiscoveryClient - DiscoveryClient_TRANSACTION-API/LAPTOP-8U8N5CC9:transaction-api:8085 - deregister  status: 200
2023-02-03 02:10:12 [RMI TCP Connection(211)-127.0.0.1] INFO  c.netflix.discovery.DiscoveryClient - Completed shut down of DiscoveryClient
