2023-02-02 10:25:14 [restartedMain] INFO  c.natwest.TransactionApiApplication - Starting TransactionApiApplication using Java 17.0.4.1 with PID 16100 (C:\Jeeva1\Capstone Project\OnePlatform\transaction_api\target\classes started by RBS in C:\Jeeva1\Capstone Project\OnePlatform\transaction_api)
2023-02-02 10:25:14 [restartedMain] INFO  c.natwest.TransactionApiApplication - No active profile set, falling back to 1 default profile: "default"
2023-02-02 10:25:14 [restartedMain] INFO  o.s.b.d.e.DevToolsPropertyDefaultsPostProcessor - Devtools property defaults active! Set 'spring.devtools.add-properties' to 'false' to disable
2023-02-02 10:25:14 [restartedMain] INFO  o.s.b.d.e.DevToolsPropertyDefaultsPostProcessor - For additional web related logging consider setting the 'logging.level.web' property to 'DEBUG'
2023-02-02 10:25:14 [restartedMain] INFO  o.s.d.r.c.RepositoryConfigurationDelegate - Bootstrapping Spring Data JPA repositories in DEFAULT mode.
2023-02-02 10:25:15 [restartedMain] INFO  o.s.d.r.c.RepositoryConfigurationDelegate - Finished Spring Data repository scanning in 127 ms. Found 1 JPA repository interfaces.
2023-02-02 10:25:15 [restartedMain] INFO  o.s.cloud.context.scope.GenericScope - BeanFactory id=7f4fc1b3-9243-354e-8acf-0bbb9f2a1ba6
2023-02-02 10:25:16 [restartedMain] INFO  o.s.b.w.e.tomcat.TomcatWebServer - Tomcat initialized with port(s): 8085 (http)
2023-02-02 10:25:16 [restartedMain] INFO  o.a.coyote.http11.Http11NioProtocol - Initializing ProtocolHandler ["http-nio-8085"]
2023-02-02 10:25:16 [restartedMain] INFO  o.a.catalina.core.StandardService - Starting service [Tomcat]
2023-02-02 10:25:16 [restartedMain] INFO  o.a.catalina.core.StandardEngine - Starting Servlet engine: [Apache Tomcat/10.1.5]
2023-02-02 10:25:16 [restartedMain] INFO  o.a.c.c.C.[Tomcat].[localhost].[/] - Initializing Spring embedded WebApplicationContext
2023-02-02 10:25:16 [restartedMain] INFO  o.s.b.w.s.c.ServletWebServerApplicationContext - Root WebApplicationContext: initialization completed in 1962 ms
2023-02-02 10:25:16 [restartedMain] INFO  o.h.jpa.internal.util.LogHelper - HHH000204: Processing PersistenceUnitInfo [name: default]
2023-02-02 10:25:16 [restartedMain] INFO  org.hibernate.Version - HHH000412: Hibernate ORM core version 6.1.6.Final
2023-02-02 10:25:16 [restartedMain] WARN  org.hibernate.orm.deprecation - HHH90000021: Encountered deprecated setting [javax.persistence.sharedCache.mode], use [jakarta.persistence.sharedCache.mode] instead
2023-02-02 10:25:16 [restartedMain] INFO  com.zaxxer.hikari.HikariDataSource - HikariPool-1 - Starting...
2023-02-02 10:25:16 [restartedMain] INFO  com.zaxxer.hikari.pool.HikariPool - HikariPool-1 - Added connection com.mysql.cj.jdbc.ConnectionImpl@17f93c7c
2023-02-02 10:25:16 [restartedMain] INFO  com.zaxxer.hikari.HikariDataSource - HikariPool-1 - Start completed.
2023-02-02 10:25:16 [restartedMain] INFO  SQL dialect - HHH000400: Using dialect: org.hibernate.dialect.MySQLDialect
2023-02-02 10:25:17 [restartedMain] INFO  o.h.c.b.TypeSafeActivator - Error calling `jakarta.validation.Validation#buildDefaultValidatorFactory`
jakarta.validation.NoProviderFoundException: Unable to create a Configuration, because no Jakarta Bean Validation provider could be found. Add a provider like Hibernate Validator (RI) to your classpath.
	at jakarta.validation.Validation$GenericBootstrapImpl.configure(Validation.java:291)
	at jakarta.validation.Validation.buildDefaultValidatorFactory(Validation.java:103)
	at org.hibernate.cfg.beanvalidation.TypeSafeActivator.getValidatorFactory(TypeSafeActivator.java:479)
	at org.hibernate.cfg.beanvalidation.TypeSafeActivator.activate(TypeSafeActivator.java:82)
	at java.base/jdk.internal.reflect.NativeMethodAccessorImpl.invoke0(Native Method)
	at java.base/jdk.internal.reflect.NativeMethodAccessorImpl.invoke(NativeMethodAccessorImpl.java:77)
	at java.base/jdk.internal.reflect.DelegatingMethodAccessorImpl.invoke(DelegatingMethodAccessorImpl.java:43)
	at java.base/java.lang.reflect.Method.invoke(Method.java:568)
	at org.hibernate.cfg.beanvalidation.BeanValidationIntegrator.integrate(BeanValidationIntegrator.java:137)
	at org.hibernate.internal.SessionFactoryImpl.<init>(SessionFactoryImpl.java:287)
	at org.hibernate.boot.internal.SessionFactoryBuilderImpl.build(SessionFactoryBuilderImpl.java:415)
	at org.hibernate.jpa.boot.internal.EntityManagerFactoryBuilderImpl.build(EntityManagerFactoryBuilderImpl.java:1425)
	at org.springframework.orm.jpa.vendor.SpringHibernateJpaPersistenceProvider.createContainerEntityManagerFactory(SpringHibernateJpaPersistenceProvider.java:66)
	at org.springframework.orm.jpa.LocalContainerEntityManagerFactoryBean.createNativeEntityManagerFactory(LocalContainerEntityManagerFactoryBean.java:376)
	at org.springframework.orm.jpa.AbstractEntityManagerFactoryBean.buildNativeEntityManagerFactory(AbstractEntityManagerFactoryBean.java:409)
	at org.springframework.orm.jpa.AbstractEntityManagerFactoryBean.afterPropertiesSet(AbstractEntityManagerFactoryBean.java:396)
	at org.springframework.orm.jpa.LocalContainerEntityManagerFactoryBean.afterPropertiesSet(LocalContainerEntityManagerFactoryBean.java:352)
	at org.springframework.beans.factory.support.AbstractAutowireCapableBeanFactory.invokeInitMethods(AbstractAutowireCapableBeanFactory.java:1797)
	at org.springframework.beans.factory.support.AbstractAutowireCapableBeanFactory.initializeBean(AbstractAutowireCapableBeanFactory.java:1747)
	at org.springframework.beans.factory.support.AbstractAutowireCapableBeanFactory.doCreateBean(AbstractAutowireCapableBeanFactory.java:599)
	at org.springframework.beans.factory.support.AbstractAutowireCapableBeanFactory.createBean(AbstractAutowireCapableBeanFactory.java:521)
	at org.springframework.beans.factory.support.AbstractBeanFactory.lambda$doGetBean$0(AbstractBeanFactory.java:326)
	at org.springframework.beans.factory.support.DefaultSingletonBeanRegistry.getSingleton(DefaultSingletonBeanRegistry.java:234)
	at org.springframework.beans.factory.support.AbstractBeanFactory.doGetBean(AbstractBeanFactory.java:324)
	at org.springframework.beans.factory.support.AbstractBeanFactory.getBean(AbstractBeanFactory.java:200)
	at org.springframework.context.support.AbstractApplicationContext.getBean(AbstractApplicationContext.java:1130)
	at org.springframework.context.support.AbstractApplicationContext.finishBeanFactoryInitialization(AbstractApplicationContext.java:905)
	at org.springframework.context.support.AbstractApplicationContext.refresh(AbstractApplicationContext.java:584)
	at org.springframework.boot.web.servlet.context.ServletWebServerApplicationContext.refresh(ServletWebServerApplicationContext.java:146)
	at org.springframework.boot.SpringApplication.refresh(SpringApplication.java:730)
	at org.springframework.boot.SpringApplication.refreshContext(SpringApplication.java:432)
	at org.springframework.boot.SpringApplication.run(SpringApplication.java:308)
	at org.springframework.boot.SpringApplication.run(SpringApplication.java:1302)
	at org.springframework.boot.SpringApplication.run(SpringApplication.java:1291)
	at com.natwest.TransactionApiApplication.main(TransactionApiApplication.java:16)
	at java.base/jdk.internal.reflect.NativeMethodAccessorImpl.invoke0(Native Method)
	at java.base/jdk.internal.reflect.NativeMethodAccessorImpl.invoke(NativeMethodAccessorImpl.java:77)
	at java.base/jdk.internal.reflect.DelegatingMethodAccessorImpl.invoke(DelegatingMethodAccessorImpl.java:43)
	at java.base/java.lang.reflect.Method.invoke(Method.java:568)
	at org.springframework.boot.devtools.restart.RestartLauncher.run(RestartLauncher.java:49)
2023-02-02 10:25:17 [restartedMain] INFO  o.h.e.t.j.p.i.JtaPlatformInitiator - HHH000490: Using JtaPlatform implementation: [org.hibernate.engine.transaction.jta.platform.internal.NoJtaPlatform]
2023-02-02 10:25:17 [restartedMain] INFO  o.s.o.j.LocalContainerEntityManagerFactoryBean - Initialized JPA EntityManagerFactory for persistence unit 'default'
2023-02-02 10:25:18 [restartedMain] WARN  o.s.b.a.o.j.JpaBaseConfiguration$JpaWebConfiguration - spring.jpa.open-in-view is enabled by default. Therefore, database queries may be performed during view rendering. Explicitly configure spring.jpa.open-in-view to disable this warning
2023-02-02 10:25:19 [restartedMain] WARN  o.s.b.d.a.OptionalLiveReloadServer - Unable to start LiveReload server
2023-02-02 10:25:19 [restartedMain] INFO  o.s.c.n.e.c.DiscoveryClientOptionalArgsConfiguration - Eureka HTTP Client uses RestTemplate.
2023-02-02 10:25:19 [restartedMain] WARN  o.s.c.l.c.LoadBalancerCacheAutoConfiguration$LoadBalancerCaffeineWarnLogger - Spring Cloud LoadBalancer is currently working with the default cache. While this cache implementation is useful for development and tests, it's recommended to use Caffeine cache in production.You can switch to using Caffeine cache, by adding it and org.springframework.cache.caffeine.CaffeineCacheManager to the classpath.
2023-02-02 10:25:19 [restartedMain] INFO  o.s.c.n.eureka.InstanceInfoFactory - Setting initial instance status as: STARTING
2023-02-02 10:25:20 [restartedMain] INFO  c.netflix.discovery.DiscoveryClient - Initializing Eureka in region us-east-1
2023-02-02 10:25:20 [restartedMain] INFO  c.n.d.s.r.aws.ConfigClusterResolver - Resolving eureka endpoints via configuration
2023-02-02 10:25:20 [restartedMain] INFO  c.netflix.discovery.DiscoveryClient - Disable delta property : false
2023-02-02 10:25:20 [restartedMain] INFO  c.netflix.discovery.DiscoveryClient - Single vip registry refresh property : null
2023-02-02 10:25:20 [restartedMain] INFO  c.netflix.discovery.DiscoveryClient - Force full registry fetch : false
2023-02-02 10:25:20 [restartedMain] INFO  c.netflix.discovery.DiscoveryClient - Application is null : false
2023-02-02 10:25:20 [restartedMain] INFO  c.netflix.discovery.DiscoveryClient - Registered Applications size is zero : true
2023-02-02 10:25:20 [restartedMain] INFO  c.netflix.discovery.DiscoveryClient - Application version is -1: true
2023-02-02 10:25:20 [restartedMain] INFO  c.netflix.discovery.DiscoveryClient - Getting all instance registry info from the eureka server
2023-02-02 10:25:20 [restartedMain] INFO  c.netflix.discovery.DiscoveryClient - The response status is 200
2023-02-02 10:25:20 [restartedMain] INFO  c.netflix.discovery.DiscoveryClient - Starting heartbeat executor: renew interval is: 30
2023-02-02 10:25:20 [restartedMain] INFO  c.n.discovery.InstanceInfoReplicator - InstanceInfoReplicator onDemand update allowed rate per min is 4
2023-02-02 10:25:20 [restartedMain] INFO  c.netflix.discovery.DiscoveryClient - Discovery Client initialized at timestamp 1675313720454 with initial instances count: 4
2023-02-02 10:25:20 [restartedMain] INFO  o.s.c.n.e.s.EurekaServiceRegistry - Registering application TRANSACTION-API with eureka with status UP
2023-02-02 10:25:20 [restartedMain] INFO  c.netflix.discovery.DiscoveryClient - Saw local status change event StatusChangeEvent [timestamp=1675313720459, current=UP, previous=STARTING]
2023-02-02 10:25:20 [DiscoveryClient-InstanceInfoReplicator-0] INFO  c.netflix.discovery.DiscoveryClient - DiscoveryClient_TRANSACTION-API/LAPTOP-8U8N5CC9:transaction-api:8085: registering service...
2023-02-02 10:25:20 [restartedMain] INFO  o.a.coyote.http11.Http11NioProtocol - Starting ProtocolHandler ["http-nio-8085"]
2023-02-02 10:25:20 [DiscoveryClient-InstanceInfoReplicator-0] INFO  c.netflix.discovery.DiscoveryClient - DiscoveryClient_TRANSACTION-API/LAPTOP-8U8N5CC9:transaction-api:8085 - registration status: 204
2023-02-02 10:25:20 [restartedMain] INFO  o.s.b.w.e.tomcat.TomcatWebServer - Tomcat started on port(s): 8085 (http) with context path ''
2023-02-02 10:25:20 [restartedMain] INFO  o.s.c.n.e.s.EurekaAutoServiceRegistration - Updating port to 8085
2023-02-02 10:25:20 [restartedMain] INFO  c.natwest.TransactionApiApplication - Started TransactionApiApplication in 6.901 seconds (process running for 7.754)
2023-02-02 10:30:20 [AsyncResolver-bootstrap-executor-0] INFO  c.n.d.s.r.aws.ConfigClusterResolver - Resolving eureka endpoints via configuration
2023-02-02 10:35:20 [AsyncResolver-bootstrap-executor-0] INFO  c.n.d.s.r.aws.ConfigClusterResolver - Resolving eureka endpoints via configuration
2023-02-02 10:36:30 [http-nio-8085-exec-1] INFO  o.a.c.c.C.[Tomcat].[localhost].[/] - Initializing Spring DispatcherServlet 'dispatcherServlet'
2023-02-02 10:36:30 [http-nio-8085-exec-1] INFO  o.s.web.servlet.DispatcherServlet - Initializing Servlet 'dispatcherServlet'
2023-02-02 10:36:31 [http-nio-8085-exec-1] INFO  o.s.web.servlet.DispatcherServlet - Completed initialization in 229 ms
2023-02-02 10:40:20 [AsyncResolver-bootstrap-executor-0] INFO  c.n.d.s.r.aws.ConfigClusterResolver - Resolving eureka endpoints via configuration
2023-02-02 10:45:20 [AsyncResolver-bootstrap-executor-0] INFO  c.n.d.s.r.aws.ConfigClusterResolver - Resolving eureka endpoints via configuration
2023-02-02 10:46:15 [http-nio-8085-exec-1] INFO  com.natwest.aspect.LoggerAspect - Method name: com.natwest.controller.TransactionController
2023-02-02 10:46:15 [http-nio-8085-exec-1] INFO  com.natwest.aspect.LoggerAspect - Method arguments:[Ljava.lang.Object;@e9745b1
2023-02-02 10:46:15 [http-nio-8085-exec-1] INFO  com.natwest.aspect.LoggerAspect - **************Around advice called***********************
2023-02-02 10:46:15 [http-nio-8085-exec-1] INFO  com.natwest.aspect.LoggerAspect - ***************
2023-02-02 10:46:15 [http-nio-8085-exec-1] INFO  com.natwest.aspect.LoggerAspect - Method name executed: com.natwest.controller.TransactionControlleraddTrans
2023-02-02 10:46:27 [http-nio-8085-exec-1] INFO  com.natwest.aspect.LoggerAspect - ***************
2023-02-02 10:46:27 [http-nio-8085-exec-1] INFO  com.natwest.aspect.LoggerAspect - Method arguments are: [Transaction [transactionId=52, transactionType=Debit, transactionAmount=600.0, transactionDate=2023-02-02T10:46:15.230925500, transactionDesc=Fuel expense, cardNo=876152634152]]
2023-02-02 10:46:27 [http-nio-8085-exec-1] INFO  com.natwest.aspect.LoggerAspect - Output:<201 CREATED Created,Transaction [transactionId=52, transactionType=Debit, transactionAmount=600.0, transactionDate=2023-02-02T10:46:15.230925500, transactionDesc=Fuel expense, cardNo=876152634152],[]>
2023-02-02 10:50:20 [AsyncResolver-bootstrap-executor-0] INFO  c.n.d.s.r.aws.ConfigClusterResolver - Resolving eureka endpoints via configuration
2023-02-02 10:55:20 [AsyncResolver-bootstrap-executor-0] INFO  c.n.d.s.r.aws.ConfigClusterResolver - Resolving eureka endpoints via configuration
2023-02-02 10:55:36 [http-nio-8085-exec-8] INFO  com.natwest.aspect.LoggerAspect - Method name: com.natwest.controller.TransactionController
2023-02-02 10:55:36 [http-nio-8085-exec-8] INFO  com.natwest.aspect.LoggerAspect - Method arguments:[Ljava.lang.Object;@40b6b8ad
2023-02-02 10:55:36 [http-nio-8085-exec-8] INFO  com.natwest.aspect.LoggerAspect - **************Around advice called***********************
2023-02-02 10:55:36 [http-nio-8085-exec-8] INFO  com.natwest.aspect.LoggerAspect - ***************
2023-02-02 10:55:36 [http-nio-8085-exec-8] INFO  com.natwest.aspect.LoggerAspect - Method name executed: com.natwest.controller.TransactionControlleraddTrans
2023-02-02 10:55:40 [http-nio-8085-exec-8] INFO  com.natwest.aspect.LoggerAspect - ***************
2023-02-02 10:55:40 [http-nio-8085-exec-8] INFO  com.natwest.aspect.LoggerAspect - Method arguments are: [Transaction [transactionId=53, transactionType=Debit, transactionAmount=200.0, transactionDate=2023-02-02T10:55:36.923071300, transactionDesc=Cinema, cardNo=876152634152]]
2023-02-02 10:55:40 [http-nio-8085-exec-8] INFO  com.natwest.aspect.LoggerAspect - Output:<201 CREATED Created,Transaction [transactionId=53, transactionType=Debit, transactionAmount=200.0, transactionDate=2023-02-02T10:55:36.923071300, transactionDesc=Cinema, cardNo=876152634152],[]>
2023-02-02 10:58:29 [http-nio-8085-exec-1] INFO  com.natwest.aspect.LoggerAspect - Method name: com.natwest.controller.TransactionController
2023-02-02 10:58:29 [http-nio-8085-exec-1] INFO  com.natwest.aspect.LoggerAspect - Method arguments:[Ljava.lang.Object;@194530f6
2023-02-02 10:58:29 [http-nio-8085-exec-1] INFO  com.natwest.aspect.LoggerAspect - **************Around advice called***********************
2023-02-02 10:58:29 [http-nio-8085-exec-1] INFO  com.natwest.aspect.LoggerAspect - ***************
2023-02-02 10:58:29 [http-nio-8085-exec-1] INFO  com.natwest.aspect.LoggerAspect - Method name executed: com.natwest.controller.TransactionControlleraddTrans
2023-02-02 10:58:32 [http-nio-8085-exec-1] INFO  com.natwest.aspect.LoggerAspect - ***************
2023-02-02 10:58:32 [http-nio-8085-exec-1] INFO  com.natwest.aspect.LoggerAspect - Method arguments are: [Transaction [transactionId=54, transactionType=Debit, transactionAmount=500.0, transactionDate=2023-02-02T10:58:29.186598600, transactionDesc=Medicine, cardNo=876152634152]]
2023-02-02 10:58:32 [http-nio-8085-exec-1] INFO  com.natwest.aspect.LoggerAspect - Output:<201 CREATED Created,Transaction [transactionId=54, transactionType=Debit, transactionAmount=500.0, transactionDate=2023-02-02T10:58:29.186598600, transactionDesc=Medicine, cardNo=876152634152],[]>
2023-02-02 11:00:20 [AsyncResolver-bootstrap-executor-0] INFO  c.n.d.s.r.aws.ConfigClusterResolver - Resolving eureka endpoints via configuration
2023-02-02 11:05:20 [AsyncResolver-bootstrap-executor-0] INFO  c.n.d.s.r.aws.ConfigClusterResolver - Resolving eureka endpoints via configuration
2023-02-02 11:10:20 [AsyncResolver-bootstrap-executor-0] INFO  c.n.d.s.r.aws.ConfigClusterResolver - Resolving eureka endpoints via configuration
2023-02-02 11:15:20 [AsyncResolver-bootstrap-executor-0] INFO  c.n.d.s.r.aws.ConfigClusterResolver - Resolving eureka endpoints via configuration
2023-02-02 11:19:39 [http-nio-8085-exec-6] INFO  com.natwest.aspect.LoggerAspect - Method name: com.natwest.controller.TransactionController
2023-02-02 11:19:39 [http-nio-8085-exec-6] INFO  com.natwest.aspect.LoggerAspect - Method arguments:[Ljava.lang.Object;@3215bf42
2023-02-02 11:19:39 [http-nio-8085-exec-6] INFO  com.natwest.aspect.LoggerAspect - **************Around advice called***********************
2023-02-02 11:19:39 [http-nio-8085-exec-6] INFO  com.natwest.aspect.LoggerAspect - ***************
2023-02-02 11:19:39 [http-nio-8085-exec-6] INFO  com.natwest.aspect.LoggerAspect - Method name executed: com.natwest.controller.TransactionControlleraddTrans
2023-02-02 11:19:44 [http-nio-8085-exec-6] INFO  com.natwest.aspect.LoggerAspect - ***************
2023-02-02 11:19:44 [http-nio-8085-exec-6] INFO  com.natwest.aspect.LoggerAspect - Method arguments are: [Transaction [transactionId=55, transactionType=Debit, transactionAmount=200.0, transactionDate=2023-02-02T11:19:39.925304700, transactionDesc=Bill payment, cardNo=876152634152]]
2023-02-02 11:19:44 [http-nio-8085-exec-6] INFO  com.natwest.aspect.LoggerAspect - Output:<201 CREATED Created,Transaction [transactionId=55, transactionType=Debit, transactionAmount=200.0, transactionDate=2023-02-02T11:19:39.925304700, transactionDesc=Bill payment, cardNo=876152634152],[]>
2023-02-02 11:20:20 [AsyncResolver-bootstrap-executor-0] INFO  c.n.d.s.r.aws.ConfigClusterResolver - Resolving eureka endpoints via configuration
2023-02-02 11:25:20 [AsyncResolver-bootstrap-executor-0] INFO  c.n.d.s.r.aws.ConfigClusterResolver - Resolving eureka endpoints via configuration
2023-02-02 11:30:20 [AsyncResolver-bootstrap-executor-0] INFO  c.n.d.s.r.aws.ConfigClusterResolver - Resolving eureka endpoints via configuration
2023-02-02 11:35:20 [AsyncResolver-bootstrap-executor-0] INFO  c.n.d.s.r.aws.ConfigClusterResolver - Resolving eureka endpoints via configuration
2023-02-02 11:40:20 [AsyncResolver-bootstrap-executor-0] INFO  c.n.d.s.r.aws.ConfigClusterResolver - Resolving eureka endpoints via configuration
2023-02-02 11:45:20 [AsyncResolver-bootstrap-executor-0] INFO  c.n.d.s.r.aws.ConfigClusterResolver - Resolving eureka endpoints via configuration
2023-02-02 11:50:20 [AsyncResolver-bootstrap-executor-0] INFO  c.n.d.s.r.aws.ConfigClusterResolver - Resolving eureka endpoints via configuration
2023-02-02 11:55:20 [AsyncResolver-bootstrap-executor-0] INFO  c.n.d.s.r.aws.ConfigClusterResolver - Resolving eureka endpoints via configuration
2023-02-02 12:00:20 [AsyncResolver-bootstrap-executor-0] INFO  c.n.d.s.r.aws.ConfigClusterResolver - Resolving eureka endpoints via configuration
2023-02-02 12:05:20 [AsyncResolver-bootstrap-executor-0] INFO  c.n.d.s.r.aws.ConfigClusterResolver - Resolving eureka endpoints via configuration
2023-02-02 12:10:20 [AsyncResolver-bootstrap-executor-0] INFO  c.n.d.s.r.aws.ConfigClusterResolver - Resolving eureka endpoints via configuration
2023-02-02 12:15:20 [AsyncResolver-bootstrap-executor-0] INFO  c.n.d.s.r.aws.ConfigClusterResolver - Resolving eureka endpoints via configuration
2023-02-02 12:20:20 [AsyncResolver-bootstrap-executor-0] INFO  c.n.d.s.r.aws.ConfigClusterResolver - Resolving eureka endpoints via configuration
2023-02-02 12:25:20 [AsyncResolver-bootstrap-executor-0] INFO  c.n.d.s.r.aws.ConfigClusterResolver - Resolving eureka endpoints via configuration
2023-02-02 12:30:20 [AsyncResolver-bootstrap-executor-0] INFO  c.n.d.s.r.aws.ConfigClusterResolver - Resolving eureka endpoints via configuration
2023-02-02 12:35:20 [AsyncResolver-bootstrap-executor-0] INFO  c.n.d.s.r.aws.ConfigClusterResolver - Resolving eureka endpoints via configuration
2023-02-02 12:40:20 [AsyncResolver-bootstrap-executor-0] INFO  c.n.d.s.r.aws.ConfigClusterResolver - Resolving eureka endpoints via configuration
2023-02-02 12:45:20 [AsyncResolver-bootstrap-executor-0] INFO  c.n.d.s.r.aws.ConfigClusterResolver - Resolving eureka endpoints via configuration
2023-02-02 12:50:20 [AsyncResolver-bootstrap-executor-0] INFO  c.n.d.s.r.aws.ConfigClusterResolver - Resolving eureka endpoints via configuration
2023-02-02 12:55:20 [AsyncResolver-bootstrap-executor-0] INFO  c.n.d.s.r.aws.ConfigClusterResolver - Resolving eureka endpoints via configuration
2023-02-02 13:00:20 [AsyncResolver-bootstrap-executor-0] INFO  c.n.d.s.r.aws.ConfigClusterResolver - Resolving eureka endpoints via configuration
2023-02-02 13:03:43 [http-nio-8085-exec-1] INFO  com.natwest.aspect.LoggerAspect - Method name: com.natwest.controller.TransactionController
2023-02-02 13:03:43 [http-nio-8085-exec-1] INFO  com.natwest.aspect.LoggerAspect - Method arguments:[Ljava.lang.Object;@11b76290
2023-02-02 13:03:43 [http-nio-8085-exec-1] INFO  com.natwest.aspect.LoggerAspect - **************Around advice called***********************
2023-02-02 13:03:43 [http-nio-8085-exec-1] INFO  com.natwest.aspect.LoggerAspect - ***************
2023-02-02 13:03:43 [http-nio-8085-exec-1] INFO  com.natwest.aspect.LoggerAspect - Method name executed: com.natwest.controller.TransactionControlleraddTrans
2023-02-02 13:03:49 [http-nio-8085-exec-1] INFO  com.natwest.aspect.LoggerAspect - ***************
2023-02-02 13:03:49 [http-nio-8085-exec-1] INFO  com.natwest.aspect.LoggerAspect - Method arguments are: [Transaction [transactionId=56, transactionType=Debit, transactionAmount=500.0, transactionDate=2023-02-02T13:03:43.577121400, transactionDesc=Fuel expense, cardNo=876152634152]]
2023-02-02 13:03:49 [http-nio-8085-exec-1] INFO  com.natwest.aspect.LoggerAspect - Output:<201 CREATED Created,Transaction [transactionId=56, transactionType=Debit, transactionAmount=500.0, transactionDate=2023-02-02T13:03:43.577121400, transactionDesc=Fuel expense, cardNo=876152634152],[]>
2023-02-02 13:05:20 [AsyncResolver-bootstrap-executor-0] INFO  c.n.d.s.r.aws.ConfigClusterResolver - Resolving eureka endpoints via configuration
2023-02-02 13:10:20 [AsyncResolver-bootstrap-executor-0] INFO  c.n.d.s.r.aws.ConfigClusterResolver - Resolving eureka endpoints via configuration
2023-02-02 13:15:20 [AsyncResolver-bootstrap-executor-0] INFO  c.n.d.s.r.aws.ConfigClusterResolver - Resolving eureka endpoints via configuration
2023-02-02 13:20:20 [AsyncResolver-bootstrap-executor-0] INFO  c.n.d.s.r.aws.ConfigClusterResolver - Resolving eureka endpoints via configuration
2023-02-02 13:25:20 [AsyncResolver-bootstrap-executor-0] INFO  c.n.d.s.r.aws.ConfigClusterResolver - Resolving eureka endpoints via configuration
2023-02-02 13:30:20 [AsyncResolver-bootstrap-executor-0] INFO  c.n.d.s.r.aws.ConfigClusterResolver - Resolving eureka endpoints via configuration
2023-02-02 13:35:20 [AsyncResolver-bootstrap-executor-0] INFO  c.n.d.s.r.aws.ConfigClusterResolver - Resolving eureka endpoints via configuration
2023-02-02 13:40:20 [AsyncResolver-bootstrap-executor-0] INFO  c.n.d.s.r.aws.ConfigClusterResolver - Resolving eureka endpoints via configuration
2023-02-02 13:45:20 [AsyncResolver-bootstrap-executor-0] INFO  c.n.d.s.r.aws.ConfigClusterResolver - Resolving eureka endpoints via configuration
2023-02-02 13:50:20 [AsyncResolver-bootstrap-executor-0] INFO  c.n.d.s.r.aws.ConfigClusterResolver - Resolving eureka endpoints via configuration
2023-02-02 13:52:18 [RMI TCP Connection(216)-127.0.0.1] INFO  o.s.b.a.SpringApplicationAdminMXBeanRegistrar$SpringApplicationAdmin - Application shutdown requested.
2023-02-02 13:52:22 [RMI TCP Connection(216)-127.0.0.1] INFO  o.s.c.n.e.s.EurekaServiceRegistry - Unregistering application TRANSACTION-API with eureka with status DOWN
2023-02-02 13:52:22 [RMI TCP Connection(216)-127.0.0.1] INFO  c.netflix.discovery.DiscoveryClient - Saw local status change event StatusChangeEvent [timestamp=1675326142259, current=DOWN, previous=UP]
2023-02-02 13:52:22 [DiscoveryClient-InstanceInfoReplicator-0] INFO  c.netflix.discovery.DiscoveryClient - DiscoveryClient_TRANSACTION-API/LAPTOP-8U8N5CC9:transaction-api:8085: registering service...
2023-02-02 13:52:28 [DiscoveryClient-InstanceInfoReplicator-0] INFO  c.netflix.discovery.DiscoveryClient - DiscoveryClient_TRANSACTION-API/LAPTOP-8U8N5CC9:transaction-api:8085 - registration status: 204
2023-02-02 13:52:34 [RMI TCP Connection(216)-127.0.0.1] INFO  o.a.coyote.http11.Http11NioProtocol - Pausing ProtocolHandler ["http-nio-8085"]
2023-02-02 13:52:34 [RMI TCP Connection(216)-127.0.0.1] INFO  o.a.catalina.core.StandardService - Stopping service [Tomcat]
2023-02-02 13:52:38 [RMI TCP Connection(216)-127.0.0.1] INFO  o.a.c.c.C.[Tomcat].[localhost].[/] - Destroying Spring FrameworkServlet 'dispatcherServlet'
2023-02-02 13:52:46 [RMI TCP Connection(216)-127.0.0.1] INFO  o.a.coyote.http11.Http11NioProtocol - Stopping ProtocolHandler ["http-nio-8085"]
2023-02-02 13:52:48 [RMI TCP Connection(216)-127.0.0.1] WARN  o.apache.tomcat.util.net.NioEndpoint - The pollers did not stop within the expected time
2023-02-02 13:52:53 [RMI TCP Connection(216)-127.0.0.1] INFO  o.a.coyote.http11.Http11NioProtocol - Destroying ProtocolHandler ["http-nio-8085"]
2023-02-02 13:52:57 [RMI TCP Connection(216)-127.0.0.1] INFO  o.s.o.j.LocalContainerEntityManagerFactoryBean - Closing JPA EntityManagerFactory for persistence unit 'default'
2023-02-02 13:53:08 [RMI TCP Connection(216)-127.0.0.1] INFO  com.zaxxer.hikari.HikariDataSource - HikariPool-1 - Shutdown initiated...
2023-02-02 13:53:09 [RMI TCP Connection(216)-127.0.0.1] INFO  com.zaxxer.hikari.HikariDataSource - HikariPool-1 - Shutdown completed.
2023-02-02 13:53:10 [RMI TCP Connection(216)-127.0.0.1] INFO  c.netflix.discovery.DiscoveryClient - Shutting down DiscoveryClient ...
2023-02-02 13:53:13 [RMI TCP Connection(216)-127.0.0.1] INFO  c.netflix.discovery.DiscoveryClient - Unregistering ...
2023-02-02 13:53:21 [RMI TCP Connection(216)-127.0.0.1] INFO  c.netflix.discovery.DiscoveryClient - DiscoveryClient_TRANSACTION-API/LAPTOP-8U8N5CC9:transaction-api:8085 - deregister  status: 200
2023-02-02 13:53:23 [RMI TCP Connection(216)-127.0.0.1] INFO  c.netflix.discovery.DiscoveryClient - Completed shut down of DiscoveryClient
