2023-01-29 01:03:02 [restartedMain] INFO  c.natwest.TransactionApiApplication - Starting TransactionApiApplication using Java 17.0.4.1 with PID 16260 (C:\Jeeva1\Capstone Project\OnePlatform\transaction_api\target\classes started by RBS in C:\Jeeva1\Capstone Project\OnePlatform\transaction_api)
2023-01-29 01:03:02 [restartedMain] INFO  c.natwest.TransactionApiApplication - No active profile set, falling back to 1 default profile: "default"
2023-01-29 01:03:02 [restartedMain] INFO  o.s.b.d.e.DevToolsPropertyDefaultsPostProcessor - Devtools property defaults active! Set 'spring.devtools.add-properties' to 'false' to disable
2023-01-29 01:03:02 [restartedMain] INFO  o.s.b.d.e.DevToolsPropertyDefaultsPostProcessor - For additional web related logging consider setting the 'logging.level.web' property to 'DEBUG'
2023-01-29 01:03:03 [restartedMain] INFO  o.s.d.r.c.RepositoryConfigurationDelegate - Bootstrapping Spring Data JPA repositories in DEFAULT mode.
2023-01-29 01:03:03 [restartedMain] INFO  o.s.d.r.c.RepositoryConfigurationDelegate - Finished Spring Data repository scanning in 129 ms. Found 1 JPA repository interfaces.
2023-01-29 01:03:04 [restartedMain] INFO  o.s.cloud.context.scope.GenericScope - BeanFactory id=d167bb0b-c053-3395-bfd5-8c472806d905
2023-01-29 01:03:04 [restartedMain] INFO  o.s.b.w.e.tomcat.TomcatWebServer - Tomcat initialized with port(s): 8085 (http)
2023-01-29 01:03:04 [restartedMain] INFO  o.a.coyote.http11.Http11NioProtocol - Initializing ProtocolHandler ["http-nio-8085"]
2023-01-29 01:03:04 [restartedMain] INFO  o.a.catalina.core.StandardService - Starting service [Tomcat]
2023-01-29 01:03:04 [restartedMain] INFO  o.a.catalina.core.StandardEngine - Starting Servlet engine: [Apache Tomcat/10.1.5]
2023-01-29 01:03:05 [restartedMain] INFO  o.a.c.c.C.[Tomcat].[localhost].[/] - Initializing Spring embedded WebApplicationContext
2023-01-29 01:03:05 [restartedMain] INFO  o.s.b.w.s.c.ServletWebServerApplicationContext - Root WebApplicationContext: initialization completed in 2265 ms
2023-01-29 01:03:05 [restartedMain] INFO  o.h.jpa.internal.util.LogHelper - HHH000204: Processing PersistenceUnitInfo [name: default]
2023-01-29 01:03:05 [restartedMain] INFO  org.hibernate.Version - HHH000412: Hibernate ORM core version 6.1.6.Final
2023-01-29 01:03:05 [restartedMain] WARN  org.hibernate.orm.deprecation - HHH90000021: Encountered deprecated setting [javax.persistence.sharedCache.mode], use [jakarta.persistence.sharedCache.mode] instead
2023-01-29 01:03:05 [restartedMain] INFO  com.zaxxer.hikari.HikariDataSource - HikariPool-1 - Starting...
2023-01-29 01:03:06 [restartedMain] INFO  com.zaxxer.hikari.pool.HikariPool - HikariPool-1 - Added connection com.mysql.cj.jdbc.ConnectionImpl@762de4ea
2023-01-29 01:03:06 [restartedMain] INFO  com.zaxxer.hikari.HikariDataSource - HikariPool-1 - Start completed.
2023-01-29 01:03:06 [restartedMain] INFO  SQL dialect - HHH000400: Using dialect: org.hibernate.dialect.MySQLDialect
2023-01-29 01:03:06 [restartedMain] INFO  o.h.c.b.TypeSafeActivator - Error calling `jakarta.validation.Validation#buildDefaultValidatorFactory`
jakarta.validation.NoProviderFoundException: Unable to create a Configuration, because no Jakarta Bean Validation provider could be found. Add a provider like Hibernate Validator (RI) to your classpath.
	at jakarta.validation.Validation$GenericBootstrapImpl.configure(Validation.java:291)
	at jakarta.validation.Validation.buildDefaultValidatorFactory(Validation.java:103)
	at org.hibernate.cfg.beanvalidation.TypeSafeActivator.getValidatorFactory(TypeSafeActivator.java:479)
	at org.hibernate.cfg.beanvalidation.TypeSafeActivator.activate(TypeSafeActivator.java:82)
	at java.base/jdk.internal.reflect.NativeMethodAccessorImpl.invoke0(Native Method)
	at java.base/jdk.internal.reflect.NativeMethodAccessorImpl.invoke(NativeMethodAccessorImpl.java:77)
	at java.base/jdk.internal.reflect.DelegatingMethodAccessorImpl.invoke(DelegatingMethodAccessorImpl.java:43)
	at java.base/java.lang.reflect.Method.invoke(Method.java:568)
	at org.hibernate.cfg.beanvalidation.BeanValidationIntegrator.integrate(BeanValidationIntegrator.java:137)
	at org.hibernate.internal.SessionFactoryImpl.<init>(SessionFactoryImpl.java:287)
	at org.hibernate.boot.internal.SessionFactoryBuilderImpl.build(SessionFactoryBuilderImpl.java:415)
	at org.hibernate.jpa.boot.internal.EntityManagerFactoryBuilderImpl.build(EntityManagerFactoryBuilderImpl.java:1425)
	at org.springframework.orm.jpa.vendor.SpringHibernateJpaPersistenceProvider.createContainerEntityManagerFactory(SpringHibernateJpaPersistenceProvider.java:66)
	at org.springframework.orm.jpa.LocalContainerEntityManagerFactoryBean.createNativeEntityManagerFactory(LocalContainerEntityManagerFactoryBean.java:376)
	at org.springframework.orm.jpa.AbstractEntityManagerFactoryBean.buildNativeEntityManagerFactory(AbstractEntityManagerFactoryBean.java:409)
	at org.springframework.orm.jpa.AbstractEntityManagerFactoryBean.afterPropertiesSet(AbstractEntityManagerFactoryBean.java:396)
	at org.springframework.orm.jpa.LocalContainerEntityManagerFactoryBean.afterPropertiesSet(LocalContainerEntityManagerFactoryBean.java:352)
	at org.springframework.beans.factory.support.AbstractAutowireCapableBeanFactory.invokeInitMethods(AbstractAutowireCapableBeanFactory.java:1797)
	at org.springframework.beans.factory.support.AbstractAutowireCapableBeanFactory.initializeBean(AbstractAutowireCapableBeanFactory.java:1747)
	at org.springframework.beans.factory.support.AbstractAutowireCapableBeanFactory.doCreateBean(AbstractAutowireCapableBeanFactory.java:599)
	at org.springframework.beans.factory.support.AbstractAutowireCapableBeanFactory.createBean(AbstractAutowireCapableBeanFactory.java:521)
	at org.springframework.beans.factory.support.AbstractBeanFactory.lambda$doGetBean$0(AbstractBeanFactory.java:326)
	at org.springframework.beans.factory.support.DefaultSingletonBeanRegistry.getSingleton(DefaultSingletonBeanRegistry.java:234)
	at org.springframework.beans.factory.support.AbstractBeanFactory.doGetBean(AbstractBeanFactory.java:324)
	at org.springframework.beans.factory.support.AbstractBeanFactory.getBean(AbstractBeanFactory.java:200)
	at org.springframework.context.support.AbstractApplicationContext.getBean(AbstractApplicationContext.java:1130)
	at org.springframework.context.support.AbstractApplicationContext.finishBeanFactoryInitialization(AbstractApplicationContext.java:905)
	at org.springframework.context.support.AbstractApplicationContext.refresh(AbstractApplicationContext.java:584)
	at org.springframework.boot.web.servlet.context.ServletWebServerApplicationContext.refresh(ServletWebServerApplicationContext.java:146)
	at org.springframework.boot.SpringApplication.refresh(SpringApplication.java:730)
	at org.springframework.boot.SpringApplication.refreshContext(SpringApplication.java:432)
	at org.springframework.boot.SpringApplication.run(SpringApplication.java:308)
	at org.springframework.boot.SpringApplication.run(SpringApplication.java:1302)
	at org.springframework.boot.SpringApplication.run(SpringApplication.java:1291)
	at com.natwest.TransactionApiApplication.main(TransactionApiApplication.java:16)
	at java.base/jdk.internal.reflect.NativeMethodAccessorImpl.invoke0(Native Method)
	at java.base/jdk.internal.reflect.NativeMethodAccessorImpl.invoke(NativeMethodAccessorImpl.java:77)
	at java.base/jdk.internal.reflect.DelegatingMethodAccessorImpl.invoke(DelegatingMethodAccessorImpl.java:43)
	at java.base/java.lang.reflect.Method.invoke(Method.java:568)
	at org.springframework.boot.devtools.restart.RestartLauncher.run(RestartLauncher.java:49)
2023-01-29 01:03:07 [restartedMain] INFO  o.h.e.t.j.p.i.JtaPlatformInitiator - HHH000490: Using JtaPlatform implementation: [org.hibernate.engine.transaction.jta.platform.internal.NoJtaPlatform]
2023-01-29 01:03:07 [restartedMain] INFO  o.s.o.j.LocalContainerEntityManagerFactoryBean - Initialized JPA EntityManagerFactory for persistence unit 'default'
2023-01-29 01:03:08 [restartedMain] WARN  o.s.b.a.o.j.JpaBaseConfiguration$JpaWebConfiguration - spring.jpa.open-in-view is enabled by default. Therefore, database queries may be performed during view rendering. Explicitly configure spring.jpa.open-in-view to disable this warning
2023-01-29 01:03:09 [restartedMain] WARN  o.s.b.d.a.OptionalLiveReloadServer - Unable to start LiveReload server
2023-01-29 01:03:09 [restartedMain] INFO  o.s.c.n.e.c.DiscoveryClientOptionalArgsConfiguration - Eureka HTTP Client uses RestTemplate.
2023-01-29 01:03:09 [restartedMain] WARN  o.s.c.l.c.LoadBalancerCacheAutoConfiguration$LoadBalancerCaffeineWarnLogger - Spring Cloud LoadBalancer is currently working with the default cache. While this cache implementation is useful for development and tests, it's recommended to use Caffeine cache in production.You can switch to using Caffeine cache, by adding it and org.springframework.cache.caffeine.CaffeineCacheManager to the classpath.
2023-01-29 01:03:09 [restartedMain] INFO  o.s.c.n.eureka.InstanceInfoFactory - Setting initial instance status as: STARTING
2023-01-29 01:03:09 [restartedMain] INFO  c.netflix.discovery.DiscoveryClient - Initializing Eureka in region us-east-1
2023-01-29 01:03:09 [restartedMain] INFO  c.n.d.s.r.aws.ConfigClusterResolver - Resolving eureka endpoints via configuration
2023-01-29 01:03:09 [restartedMain] INFO  c.netflix.discovery.DiscoveryClient - Disable delta property : false
2023-01-29 01:03:09 [restartedMain] INFO  c.netflix.discovery.DiscoveryClient - Single vip registry refresh property : null
2023-01-29 01:03:09 [restartedMain] INFO  c.netflix.discovery.DiscoveryClient - Force full registry fetch : false
2023-01-29 01:03:09 [restartedMain] INFO  c.netflix.discovery.DiscoveryClient - Application is null : false
2023-01-29 01:03:09 [restartedMain] INFO  c.netflix.discovery.DiscoveryClient - Registered Applications size is zero : true
2023-01-29 01:03:09 [restartedMain] INFO  c.netflix.discovery.DiscoveryClient - Application version is -1: true
2023-01-29 01:03:09 [restartedMain] INFO  c.netflix.discovery.DiscoveryClient - Getting all instance registry info from the eureka server
2023-01-29 01:03:10 [restartedMain] INFO  c.netflix.discovery.DiscoveryClient - The response status is 200
2023-01-29 01:03:10 [restartedMain] INFO  c.netflix.discovery.DiscoveryClient - Starting heartbeat executor: renew interval is: 30
2023-01-29 01:03:10 [restartedMain] INFO  c.n.discovery.InstanceInfoReplicator - InstanceInfoReplicator onDemand update allowed rate per min is 4
2023-01-29 01:03:10 [restartedMain] INFO  c.netflix.discovery.DiscoveryClient - Discovery Client initialized at timestamp 1674934390189 with initial instances count: 3
2023-01-29 01:03:10 [restartedMain] INFO  o.s.c.n.e.s.EurekaServiceRegistry - Registering application TRANSACTION-API with eureka with status UP
2023-01-29 01:03:10 [restartedMain] INFO  c.netflix.discovery.DiscoveryClient - Saw local status change event StatusChangeEvent [timestamp=1674934390195, current=UP, previous=STARTING]
2023-01-29 01:03:10 [DiscoveryClient-InstanceInfoReplicator-0] INFO  c.netflix.discovery.DiscoveryClient - DiscoveryClient_TRANSACTION-API/LAPTOP-8U8N5CC9:transaction-api:8085: registering service...
2023-01-29 01:03:10 [restartedMain] INFO  o.a.coyote.http11.Http11NioProtocol - Starting ProtocolHandler ["http-nio-8085"]
2023-01-29 01:03:10 [restartedMain] INFO  o.s.b.w.e.tomcat.TomcatWebServer - Tomcat started on port(s): 8085 (http) with context path ''
2023-01-29 01:03:10 [restartedMain] INFO  o.s.c.n.e.s.EurekaAutoServiceRegistration - Updating port to 8085
2023-01-29 01:03:10 [DiscoveryClient-InstanceInfoReplicator-0] INFO  c.netflix.discovery.DiscoveryClient - DiscoveryClient_TRANSACTION-API/LAPTOP-8U8N5CC9:transaction-api:8085 - registration status: 204
2023-01-29 01:03:10 [restartedMain] INFO  c.natwest.TransactionApiApplication - Started TransactionApiApplication in 8.096 seconds (process running for 9.709)
2023-01-29 01:08:09 [AsyncResolver-bootstrap-executor-0] INFO  c.n.d.s.r.aws.ConfigClusterResolver - Resolving eureka endpoints via configuration
2023-01-29 01:13:09 [AsyncResolver-bootstrap-executor-0] INFO  c.n.d.s.r.aws.ConfigClusterResolver - Resolving eureka endpoints via configuration
2023-01-29 01:18:09 [AsyncResolver-bootstrap-executor-0] INFO  c.n.d.s.r.aws.ConfigClusterResolver - Resolving eureka endpoints via configuration
2023-01-29 01:23:09 [AsyncResolver-bootstrap-executor-0] INFO  c.n.d.s.r.aws.ConfigClusterResolver - Resolving eureka endpoints via configuration
2023-01-29 01:28:09 [AsyncResolver-bootstrap-executor-0] INFO  c.n.d.s.r.aws.ConfigClusterResolver - Resolving eureka endpoints via configuration
2023-01-29 01:33:09 [AsyncResolver-bootstrap-executor-0] INFO  c.n.d.s.r.aws.ConfigClusterResolver - Resolving eureka endpoints via configuration
2023-01-29 01:38:09 [AsyncResolver-bootstrap-executor-0] INFO  c.n.d.s.r.aws.ConfigClusterResolver - Resolving eureka endpoints via configuration
2023-01-29 01:41:37 [HikariPool-1 housekeeper] WARN  com.zaxxer.hikari.pool.HikariPool - HikariPool-1 - Thread starvation or clock leap detected (housekeeper delta=3m579ms411µs200ns).
2023-01-29 01:45:18 [http-nio-8085-exec-1] INFO  o.a.c.c.C.[Tomcat].[localhost].[/] - Initializing Spring DispatcherServlet 'dispatcherServlet'
2023-01-29 01:45:18 [http-nio-8085-exec-1] INFO  o.s.web.servlet.DispatcherServlet - Initializing Servlet 'dispatcherServlet'
2023-01-29 01:45:18 [http-nio-8085-exec-1] INFO  o.s.web.servlet.DispatcherServlet - Completed initialization in 23 ms
2023-01-29 01:45:19 [http-nio-8085-exec-1] INFO  com.natwest.aspect.LoggerAspect - *********** Around advice called ***************
2023-01-29 01:45:19 [http-nio-8085-exec-1] INFO  com.natwest.aspect.LoggerAspect - Method name executed: com.natwest.controller.TransactionController
2023-01-29 01:45:20 [http-nio-8085-exec-1] INFO  com.natwest.aspect.LoggerAspect - Method output: <200 OK OK,[Transaction [transactionId=1, transactionType=Credit, transactionAmount=10000.0, transactionDate=2023-01-28T12:42:59.415811, transactionDesc=Interest, cardNo= 898989898989], Transaction [transactionId=2, transactionType=Debit, transactionAmount=20000.0, transactionDate=2023-01-28T12:43:16.411323, transactionDesc=Rent Payment, cardNo= 898989898989], Transaction [transactionId=3, transactionType=Debit, transactionAmount=5000.0, transactionDate=2023-01-28T12:44:19.893169, transactionDesc=Bill Payment, cardNo= 898989898989], Transaction [transactionId=4, transactionType=Debit, transactionAmount=1000.0, transactionDate=2023-01-28T12:44:35.000663, transactionDesc=Food Bill, cardNo= 898989898989], Transaction [transactionId=5, transactionType=Credit, transactionAmount=80000.0, transactionDate=2023-01-28T12:44:57.487925, transactionDesc=Salary, cardNo= 898989898989], Transaction [transactionId=6, transactionType=Debit, transactionAmount=2000.0, transactionDate=2023-01-28T12:45:34.725252, transactionDesc=Medicine Bill, cardNo= 898989898989], Transaction [transactionId=7, transactionType=Debit, transactionAmount=1800.0, transactionDate=2023-01-28T12:55:52.201694, transactionDesc=Electricity Bill, cardNo= 232323232323], Transaction [transactionId=8, transactionType=Credit, transactionAmount=2900.0, transactionDate=2023-01-28T12:56:36.590936, transactionDesc=Reward Redemption, cardNo= 232323232323], Transaction [transactionId=9, transactionType=Debit, transactionAmount=500.0, transactionDate=2023-01-28T12:57:33.567913, transactionDesc=Fuel Expense, cardNo= 232323232323], Transaction [transactionId=52, transactionType=Debit, transactionAmount=5000.0, transactionDate=2023-01-28T20:17:16.749333, transactionDesc=Dinning Expense, cardNo= 852852852852], Transaction [transactionId=53, transactionType=Credit, transactionAmount=2000.0, transactionDate=2023-01-28T20:17:42.285087, transactionDesc=Repayment, cardNo= 852852852852]],[]>
2023-01-29 01:45:20 [http-nio-8085-exec-2] INFO  com.natwest.aspect.LoggerAspect - *********** Around advice called ***************
2023-01-29 01:45:20 [http-nio-8085-exec-2] INFO  com.natwest.aspect.LoggerAspect - Method name executed: com.natwest.controller.TransactionController
2023-01-29 01:45:20 [http-nio-8085-exec-2] INFO  com.natwest.aspect.LoggerAspect - Method output: <200 OK OK,[Transaction [transactionId=1, transactionType=Credit, transactionAmount=10000.0, transactionDate=2023-01-28T12:42:59.415811, transactionDesc=Interest, cardNo= 898989898989], Transaction [transactionId=2, transactionType=Debit, transactionAmount=20000.0, transactionDate=2023-01-28T12:43:16.411323, transactionDesc=Rent Payment, cardNo= 898989898989], Transaction [transactionId=3, transactionType=Debit, transactionAmount=5000.0, transactionDate=2023-01-28T12:44:19.893169, transactionDesc=Bill Payment, cardNo= 898989898989], Transaction [transactionId=4, transactionType=Debit, transactionAmount=1000.0, transactionDate=2023-01-28T12:44:35.000663, transactionDesc=Food Bill, cardNo= 898989898989], Transaction [transactionId=5, transactionType=Credit, transactionAmount=80000.0, transactionDate=2023-01-28T12:44:57.487925, transactionDesc=Salary, cardNo= 898989898989], Transaction [transactionId=6, transactionType=Debit, transactionAmount=2000.0, transactionDate=2023-01-28T12:45:34.725252, transactionDesc=Medicine Bill, cardNo= 898989898989], Transaction [transactionId=7, transactionType=Debit, transactionAmount=1800.0, transactionDate=2023-01-28T12:55:52.201694, transactionDesc=Electricity Bill, cardNo= 232323232323], Transaction [transactionId=8, transactionType=Credit, transactionAmount=2900.0, transactionDate=2023-01-28T12:56:36.590936, transactionDesc=Reward Redemption, cardNo= 232323232323], Transaction [transactionId=9, transactionType=Debit, transactionAmount=500.0, transactionDate=2023-01-28T12:57:33.567913, transactionDesc=Fuel Expense, cardNo= 232323232323], Transaction [transactionId=52, transactionType=Debit, transactionAmount=5000.0, transactionDate=2023-01-28T20:17:16.749333, transactionDesc=Dinning Expense, cardNo= 852852852852], Transaction [transactionId=53, transactionType=Credit, transactionAmount=2000.0, transactionDate=2023-01-28T20:17:42.285087, transactionDesc=Repayment, cardNo= 852852852852]],[]>
2023-01-29 01:45:40 [AsyncResolver-bootstrap-executor-0] INFO  c.n.d.s.r.aws.ConfigClusterResolver - Resolving eureka endpoints via configuration
2023-01-29 01:45:41 [http-nio-8085-exec-3] INFO  com.natwest.aspect.LoggerAspect - *********** Around advice called ***************
2023-01-29 01:45:41 [http-nio-8085-exec-3] INFO  com.natwest.aspect.LoggerAspect - Method name executed: com.natwest.controller.TransactionController
2023-01-29 01:45:41 [http-nio-8085-exec-3] INFO  com.natwest.aspect.LoggerAspect - Method output: <200 OK OK,[Transaction [transactionId=1, transactionType=Credit, transactionAmount=10000.0, transactionDate=2023-01-28T12:42:59.415811, transactionDesc=Interest, cardNo= 898989898989], Transaction [transactionId=2, transactionType=Debit, transactionAmount=20000.0, transactionDate=2023-01-28T12:43:16.411323, transactionDesc=Rent Payment, cardNo= 898989898989], Transaction [transactionId=3, transactionType=Debit, transactionAmount=5000.0, transactionDate=2023-01-28T12:44:19.893169, transactionDesc=Bill Payment, cardNo= 898989898989], Transaction [transactionId=4, transactionType=Debit, transactionAmount=1000.0, transactionDate=2023-01-28T12:44:35.000663, transactionDesc=Food Bill, cardNo= 898989898989], Transaction [transactionId=5, transactionType=Credit, transactionAmount=80000.0, transactionDate=2023-01-28T12:44:57.487925, transactionDesc=Salary, cardNo= 898989898989], Transaction [transactionId=6, transactionType=Debit, transactionAmount=2000.0, transactionDate=2023-01-28T12:45:34.725252, transactionDesc=Medicine Bill, cardNo= 898989898989], Transaction [transactionId=7, transactionType=Debit, transactionAmount=1800.0, transactionDate=2023-01-28T12:55:52.201694, transactionDesc=Electricity Bill, cardNo= 232323232323], Transaction [transactionId=8, transactionType=Credit, transactionAmount=2900.0, transactionDate=2023-01-28T12:56:36.590936, transactionDesc=Reward Redemption, cardNo= 232323232323], Transaction [transactionId=9, transactionType=Debit, transactionAmount=500.0, transactionDate=2023-01-28T12:57:33.567913, transactionDesc=Fuel Expense, cardNo= 232323232323], Transaction [transactionId=52, transactionType=Debit, transactionAmount=5000.0, transactionDate=2023-01-28T20:17:16.749333, transactionDesc=Dinning Expense, cardNo= 852852852852], Transaction [transactionId=53, transactionType=Credit, transactionAmount=2000.0, transactionDate=2023-01-28T20:17:42.285087, transactionDesc=Repayment, cardNo= 852852852852]],[]>
2023-01-29 01:45:41 [http-nio-8085-exec-4] INFO  com.natwest.aspect.LoggerAspect - *********** Around advice called ***************
2023-01-29 01:45:41 [http-nio-8085-exec-4] INFO  com.natwest.aspect.LoggerAspect - Method name executed: com.natwest.controller.TransactionController
2023-01-29 01:45:41 [http-nio-8085-exec-4] INFO  com.natwest.aspect.LoggerAspect - Method output: <200 OK OK,[Transaction [transactionId=1, transactionType=Credit, transactionAmount=10000.0, transactionDate=2023-01-28T12:42:59.415811, transactionDesc=Interest, cardNo= 898989898989], Transaction [transactionId=2, transactionType=Debit, transactionAmount=20000.0, transactionDate=2023-01-28T12:43:16.411323, transactionDesc=Rent Payment, cardNo= 898989898989], Transaction [transactionId=3, transactionType=Debit, transactionAmount=5000.0, transactionDate=2023-01-28T12:44:19.893169, transactionDesc=Bill Payment, cardNo= 898989898989], Transaction [transactionId=4, transactionType=Debit, transactionAmount=1000.0, transactionDate=2023-01-28T12:44:35.000663, transactionDesc=Food Bill, cardNo= 898989898989], Transaction [transactionId=5, transactionType=Credit, transactionAmount=80000.0, transactionDate=2023-01-28T12:44:57.487925, transactionDesc=Salary, cardNo= 898989898989], Transaction [transactionId=6, transactionType=Debit, transactionAmount=2000.0, transactionDate=2023-01-28T12:45:34.725252, transactionDesc=Medicine Bill, cardNo= 898989898989], Transaction [transactionId=7, transactionType=Debit, transactionAmount=1800.0, transactionDate=2023-01-28T12:55:52.201694, transactionDesc=Electricity Bill, cardNo= 232323232323], Transaction [transactionId=8, transactionType=Credit, transactionAmount=2900.0, transactionDate=2023-01-28T12:56:36.590936, transactionDesc=Reward Redemption, cardNo= 232323232323], Transaction [transactionId=9, transactionType=Debit, transactionAmount=500.0, transactionDate=2023-01-28T12:57:33.567913, transactionDesc=Fuel Expense, cardNo= 232323232323], Transaction [transactionId=52, transactionType=Debit, transactionAmount=5000.0, transactionDate=2023-01-28T20:17:16.749333, transactionDesc=Dinning Expense, cardNo= 852852852852], Transaction [transactionId=53, transactionType=Credit, transactionAmount=2000.0, transactionDate=2023-01-28T20:17:42.285087, transactionDesc=Repayment, cardNo= 852852852852]],[]>
2023-01-29 01:49:00 [http-nio-8085-exec-6] INFO  com.natwest.aspect.LoggerAspect - *********** Around advice called ***************
2023-01-29 01:49:00 [http-nio-8085-exec-6] INFO  com.natwest.aspect.LoggerAspect - Method name executed: com.natwest.controller.TransactionController
2023-01-29 01:49:01 [http-nio-8085-exec-6] INFO  com.natwest.aspect.LoggerAspect - Method output: <200 OK OK,[Transaction [transactionId=1, transactionType=Credit, transactionAmount=10000.0, transactionDate=2023-01-28T12:42:59.415811, transactionDesc=Interest, cardNo= 898989898989], Transaction [transactionId=2, transactionType=Debit, transactionAmount=20000.0, transactionDate=2023-01-28T12:43:16.411323, transactionDesc=Rent Payment, cardNo= 898989898989], Transaction [transactionId=3, transactionType=Debit, transactionAmount=5000.0, transactionDate=2023-01-28T12:44:19.893169, transactionDesc=Bill Payment, cardNo= 898989898989], Transaction [transactionId=4, transactionType=Debit, transactionAmount=1000.0, transactionDate=2023-01-28T12:44:35.000663, transactionDesc=Food Bill, cardNo= 898989898989], Transaction [transactionId=5, transactionType=Credit, transactionAmount=80000.0, transactionDate=2023-01-28T12:44:57.487925, transactionDesc=Salary, cardNo= 898989898989], Transaction [transactionId=6, transactionType=Debit, transactionAmount=2000.0, transactionDate=2023-01-28T12:45:34.725252, transactionDesc=Medicine Bill, cardNo= 898989898989], Transaction [transactionId=7, transactionType=Debit, transactionAmount=1800.0, transactionDate=2023-01-28T12:55:52.201694, transactionDesc=Electricity Bill, cardNo= 232323232323], Transaction [transactionId=8, transactionType=Credit, transactionAmount=2900.0, transactionDate=2023-01-28T12:56:36.590936, transactionDesc=Reward Redemption, cardNo= 232323232323], Transaction [transactionId=9, transactionType=Debit, transactionAmount=500.0, transactionDate=2023-01-28T12:57:33.567913, transactionDesc=Fuel Expense, cardNo= 232323232323], Transaction [transactionId=52, transactionType=Debit, transactionAmount=5000.0, transactionDate=2023-01-28T20:17:16.749333, transactionDesc=Dinning Expense, cardNo= 852852852852], Transaction [transactionId=53, transactionType=Credit, transactionAmount=2000.0, transactionDate=2023-01-28T20:17:42.285087, transactionDesc=Repayment, cardNo= 852852852852]],[]>
2023-01-29 01:49:30 [http-nio-8085-exec-7] INFO  com.natwest.aspect.LoggerAspect - *********** Around advice called ***************
2023-01-29 01:49:30 [http-nio-8085-exec-7] INFO  com.natwest.aspect.LoggerAspect - Method name executed: com.natwest.controller.TransactionController
2023-01-29 01:49:30 [http-nio-8085-exec-7] INFO  com.natwest.aspect.LoggerAspect - Method output: <200 OK OK,[Transaction [transactionId=1, transactionType=Credit, transactionAmount=10000.0, transactionDate=2023-01-28T12:42:59.415811, transactionDesc=Interest, cardNo= 898989898989], Transaction [transactionId=2, transactionType=Debit, transactionAmount=20000.0, transactionDate=2023-01-28T12:43:16.411323, transactionDesc=Rent Payment, cardNo= 898989898989], Transaction [transactionId=3, transactionType=Debit, transactionAmount=5000.0, transactionDate=2023-01-28T12:44:19.893169, transactionDesc=Bill Payment, cardNo= 898989898989], Transaction [transactionId=4, transactionType=Debit, transactionAmount=1000.0, transactionDate=2023-01-28T12:44:35.000663, transactionDesc=Food Bill, cardNo= 898989898989], Transaction [transactionId=5, transactionType=Credit, transactionAmount=80000.0, transactionDate=2023-01-28T12:44:57.487925, transactionDesc=Salary, cardNo= 898989898989], Transaction [transactionId=6, transactionType=Debit, transactionAmount=2000.0, transactionDate=2023-01-28T12:45:34.725252, transactionDesc=Medicine Bill, cardNo= 898989898989], Transaction [transactionId=7, transactionType=Debit, transactionAmount=1800.0, transactionDate=2023-01-28T12:55:52.201694, transactionDesc=Electricity Bill, cardNo= 232323232323], Transaction [transactionId=8, transactionType=Credit, transactionAmount=2900.0, transactionDate=2023-01-28T12:56:36.590936, transactionDesc=Reward Redemption, cardNo= 232323232323], Transaction [transactionId=9, transactionType=Debit, transactionAmount=500.0, transactionDate=2023-01-28T12:57:33.567913, transactionDesc=Fuel Expense, cardNo= 232323232323], Transaction [transactionId=52, transactionType=Debit, transactionAmount=5000.0, transactionDate=2023-01-28T20:17:16.749333, transactionDesc=Dinning Expense, cardNo= 852852852852], Transaction [transactionId=53, transactionType=Credit, transactionAmount=2000.0, transactionDate=2023-01-28T20:17:42.285087, transactionDesc=Repayment, cardNo= 852852852852]],[]>
2023-01-29 01:50:40 [AsyncResolver-bootstrap-executor-0] INFO  c.n.d.s.r.aws.ConfigClusterResolver - Resolving eureka endpoints via configuration
2023-01-29 01:52:12 [http-nio-8085-exec-9] INFO  com.natwest.aspect.LoggerAspect - *********** Around advice called ***************
2023-01-29 01:52:12 [http-nio-8085-exec-9] INFO  com.natwest.aspect.LoggerAspect - Method name executed: com.natwest.controller.TransactionController
2023-01-29 01:52:12 [http-nio-8085-exec-9] INFO  com.natwest.aspect.LoggerAspect - Method output: <200 OK OK,[Transaction [transactionId=1, transactionType=Credit, transactionAmount=10000.0, transactionDate=2023-01-28T12:42:59.415811, transactionDesc=Interest, cardNo= 898989898989], Transaction [transactionId=2, transactionType=Debit, transactionAmount=20000.0, transactionDate=2023-01-28T12:43:16.411323, transactionDesc=Rent Payment, cardNo= 898989898989], Transaction [transactionId=3, transactionType=Debit, transactionAmount=5000.0, transactionDate=2023-01-28T12:44:19.893169, transactionDesc=Bill Payment, cardNo= 898989898989], Transaction [transactionId=4, transactionType=Debit, transactionAmount=1000.0, transactionDate=2023-01-28T12:44:35.000663, transactionDesc=Food Bill, cardNo= 898989898989], Transaction [transactionId=5, transactionType=Credit, transactionAmount=80000.0, transactionDate=2023-01-28T12:44:57.487925, transactionDesc=Salary, cardNo= 898989898989], Transaction [transactionId=6, transactionType=Debit, transactionAmount=2000.0, transactionDate=2023-01-28T12:45:34.725252, transactionDesc=Medicine Bill, cardNo= 898989898989], Transaction [transactionId=7, transactionType=Debit, transactionAmount=1800.0, transactionDate=2023-01-28T12:55:52.201694, transactionDesc=Electricity Bill, cardNo= 232323232323], Transaction [transactionId=8, transactionType=Credit, transactionAmount=2900.0, transactionDate=2023-01-28T12:56:36.590936, transactionDesc=Reward Redemption, cardNo= 232323232323], Transaction [transactionId=9, transactionType=Debit, transactionAmount=500.0, transactionDate=2023-01-28T12:57:33.567913, transactionDesc=Fuel Expense, cardNo= 232323232323], Transaction [transactionId=52, transactionType=Debit, transactionAmount=5000.0, transactionDate=2023-01-28T20:17:16.749333, transactionDesc=Dinning Expense, cardNo= 852852852852], Transaction [transactionId=53, transactionType=Credit, transactionAmount=2000.0, transactionDate=2023-01-28T20:17:42.285087, transactionDesc=Repayment, cardNo= 852852852852]],[]>
2023-01-29 01:52:12 [http-nio-8085-exec-10] INFO  com.natwest.aspect.LoggerAspect - *********** Around advice called ***************
2023-01-29 01:52:12 [http-nio-8085-exec-10] INFO  com.natwest.aspect.LoggerAspect - Method name executed: com.natwest.controller.TransactionController
2023-01-29 01:52:12 [http-nio-8085-exec-10] INFO  com.natwest.aspect.LoggerAspect - Method output: <200 OK OK,[Transaction [transactionId=1, transactionType=Credit, transactionAmount=10000.0, transactionDate=2023-01-28T12:42:59.415811, transactionDesc=Interest, cardNo= 898989898989], Transaction [transactionId=2, transactionType=Debit, transactionAmount=20000.0, transactionDate=2023-01-28T12:43:16.411323, transactionDesc=Rent Payment, cardNo= 898989898989], Transaction [transactionId=3, transactionType=Debit, transactionAmount=5000.0, transactionDate=2023-01-28T12:44:19.893169, transactionDesc=Bill Payment, cardNo= 898989898989], Transaction [transactionId=4, transactionType=Debit, transactionAmount=1000.0, transactionDate=2023-01-28T12:44:35.000663, transactionDesc=Food Bill, cardNo= 898989898989], Transaction [transactionId=5, transactionType=Credit, transactionAmount=80000.0, transactionDate=2023-01-28T12:44:57.487925, transactionDesc=Salary, cardNo= 898989898989], Transaction [transactionId=6, transactionType=Debit, transactionAmount=2000.0, transactionDate=2023-01-28T12:45:34.725252, transactionDesc=Medicine Bill, cardNo= 898989898989], Transaction [transactionId=7, transactionType=Debit, transactionAmount=1800.0, transactionDate=2023-01-28T12:55:52.201694, transactionDesc=Electricity Bill, cardNo= 232323232323], Transaction [transactionId=8, transactionType=Credit, transactionAmount=2900.0, transactionDate=2023-01-28T12:56:36.590936, transactionDesc=Reward Redemption, cardNo= 232323232323], Transaction [transactionId=9, transactionType=Debit, transactionAmount=500.0, transactionDate=2023-01-28T12:57:33.567913, transactionDesc=Fuel Expense, cardNo= 232323232323], Transaction [transactionId=52, transactionType=Debit, transactionAmount=5000.0, transactionDate=2023-01-28T20:17:16.749333, transactionDesc=Dinning Expense, cardNo= 852852852852], Transaction [transactionId=53, transactionType=Credit, transactionAmount=2000.0, transactionDate=2023-01-28T20:17:42.285087, transactionDesc=Repayment, cardNo= 852852852852]],[]>
2023-01-29 01:53:19 [http-nio-8085-exec-2] INFO  com.natwest.aspect.LoggerAspect - *********** Around advice called ***************
2023-01-29 01:53:19 [http-nio-8085-exec-2] INFO  com.natwest.aspect.LoggerAspect - Method name executed: com.natwest.controller.TransactionController
2023-01-29 01:53:19 [http-nio-8085-exec-2] INFO  com.natwest.aspect.LoggerAspect - Method output: <200 OK OK,[Transaction [transactionId=1, transactionType=Credit, transactionAmount=10000.0, transactionDate=2023-01-28T12:42:59.415811, transactionDesc=Interest, cardNo= 898989898989], Transaction [transactionId=2, transactionType=Debit, transactionAmount=20000.0, transactionDate=2023-01-28T12:43:16.411323, transactionDesc=Rent Payment, cardNo= 898989898989], Transaction [transactionId=3, transactionType=Debit, transactionAmount=5000.0, transactionDate=2023-01-28T12:44:19.893169, transactionDesc=Bill Payment, cardNo= 898989898989], Transaction [transactionId=4, transactionType=Debit, transactionAmount=1000.0, transactionDate=2023-01-28T12:44:35.000663, transactionDesc=Food Bill, cardNo= 898989898989], Transaction [transactionId=5, transactionType=Credit, transactionAmount=80000.0, transactionDate=2023-01-28T12:44:57.487925, transactionDesc=Salary, cardNo= 898989898989], Transaction [transactionId=6, transactionType=Debit, transactionAmount=2000.0, transactionDate=2023-01-28T12:45:34.725252, transactionDesc=Medicine Bill, cardNo= 898989898989], Transaction [transactionId=7, transactionType=Debit, transactionAmount=1800.0, transactionDate=2023-01-28T12:55:52.201694, transactionDesc=Electricity Bill, cardNo= 232323232323], Transaction [transactionId=8, transactionType=Credit, transactionAmount=2900.0, transactionDate=2023-01-28T12:56:36.590936, transactionDesc=Reward Redemption, cardNo= 232323232323], Transaction [transactionId=9, transactionType=Debit, transactionAmount=500.0, transactionDate=2023-01-28T12:57:33.567913, transactionDesc=Fuel Expense, cardNo= 232323232323], Transaction [transactionId=52, transactionType=Debit, transactionAmount=5000.0, transactionDate=2023-01-28T20:17:16.749333, transactionDesc=Dinning Expense, cardNo= 852852852852], Transaction [transactionId=53, transactionType=Credit, transactionAmount=2000.0, transactionDate=2023-01-28T20:17:42.285087, transactionDesc=Repayment, cardNo= 852852852852]],[]>
2023-01-29 01:53:19 [http-nio-8085-exec-3] INFO  com.natwest.aspect.LoggerAspect - *********** Around advice called ***************
2023-01-29 01:53:19 [http-nio-8085-exec-3] INFO  com.natwest.aspect.LoggerAspect - Method name executed: com.natwest.controller.TransactionController
2023-01-29 01:53:19 [http-nio-8085-exec-3] INFO  com.natwest.aspect.LoggerAspect - Method output: <200 OK OK,[Transaction [transactionId=1, transactionType=Credit, transactionAmount=10000.0, transactionDate=2023-01-28T12:42:59.415811, transactionDesc=Interest, cardNo= 898989898989], Transaction [transactionId=2, transactionType=Debit, transactionAmount=20000.0, transactionDate=2023-01-28T12:43:16.411323, transactionDesc=Rent Payment, cardNo= 898989898989], Transaction [transactionId=3, transactionType=Debit, transactionAmount=5000.0, transactionDate=2023-01-28T12:44:19.893169, transactionDesc=Bill Payment, cardNo= 898989898989], Transaction [transactionId=4, transactionType=Debit, transactionAmount=1000.0, transactionDate=2023-01-28T12:44:35.000663, transactionDesc=Food Bill, cardNo= 898989898989], Transaction [transactionId=5, transactionType=Credit, transactionAmount=80000.0, transactionDate=2023-01-28T12:44:57.487925, transactionDesc=Salary, cardNo= 898989898989], Transaction [transactionId=6, transactionType=Debit, transactionAmount=2000.0, transactionDate=2023-01-28T12:45:34.725252, transactionDesc=Medicine Bill, cardNo= 898989898989], Transaction [transactionId=7, transactionType=Debit, transactionAmount=1800.0, transactionDate=2023-01-28T12:55:52.201694, transactionDesc=Electricity Bill, cardNo= 232323232323], Transaction [transactionId=8, transactionType=Credit, transactionAmount=2900.0, transactionDate=2023-01-28T12:56:36.590936, transactionDesc=Reward Redemption, cardNo= 232323232323], Transaction [transactionId=9, transactionType=Debit, transactionAmount=500.0, transactionDate=2023-01-28T12:57:33.567913, transactionDesc=Fuel Expense, cardNo= 232323232323], Transaction [transactionId=52, transactionType=Debit, transactionAmount=5000.0, transactionDate=2023-01-28T20:17:16.749333, transactionDesc=Dinning Expense, cardNo= 852852852852], Transaction [transactionId=53, transactionType=Credit, transactionAmount=2000.0, transactionDate=2023-01-28T20:17:42.285087, transactionDesc=Repayment, cardNo= 852852852852]],[]>
2023-01-29 01:53:51 [http-nio-8085-exec-4] INFO  com.natwest.aspect.LoggerAspect - *********** Around advice called ***************
2023-01-29 01:53:51 [http-nio-8085-exec-4] INFO  com.natwest.aspect.LoggerAspect - Method name executed: com.natwest.controller.TransactionController
2023-01-29 01:53:51 [http-nio-8085-exec-4] INFO  com.natwest.aspect.LoggerAspect - Method output: <200 OK OK,[Transaction [transactionId=1, transactionType=Credit, transactionAmount=10000.0, transactionDate=2023-01-28T12:42:59.415811, transactionDesc=Interest, cardNo= 898989898989], Transaction [transactionId=2, transactionType=Debit, transactionAmount=20000.0, transactionDate=2023-01-28T12:43:16.411323, transactionDesc=Rent Payment, cardNo= 898989898989], Transaction [transactionId=3, transactionType=Debit, transactionAmount=5000.0, transactionDate=2023-01-28T12:44:19.893169, transactionDesc=Bill Payment, cardNo= 898989898989], Transaction [transactionId=4, transactionType=Debit, transactionAmount=1000.0, transactionDate=2023-01-28T12:44:35.000663, transactionDesc=Food Bill, cardNo= 898989898989], Transaction [transactionId=5, transactionType=Credit, transactionAmount=80000.0, transactionDate=2023-01-28T12:44:57.487925, transactionDesc=Salary, cardNo= 898989898989], Transaction [transactionId=6, transactionType=Debit, transactionAmount=2000.0, transactionDate=2023-01-28T12:45:34.725252, transactionDesc=Medicine Bill, cardNo= 898989898989], Transaction [transactionId=7, transactionType=Debit, transactionAmount=1800.0, transactionDate=2023-01-28T12:55:52.201694, transactionDesc=Electricity Bill, cardNo= 232323232323], Transaction [transactionId=8, transactionType=Credit, transactionAmount=2900.0, transactionDate=2023-01-28T12:56:36.590936, transactionDesc=Reward Redemption, cardNo= 232323232323], Transaction [transactionId=9, transactionType=Debit, transactionAmount=500.0, transactionDate=2023-01-28T12:57:33.567913, transactionDesc=Fuel Expense, cardNo= 232323232323], Transaction [transactionId=52, transactionType=Debit, transactionAmount=5000.0, transactionDate=2023-01-28T20:17:16.749333, transactionDesc=Dinning Expense, cardNo= 852852852852], Transaction [transactionId=53, transactionType=Credit, transactionAmount=2000.0, transactionDate=2023-01-28T20:17:42.285087, transactionDesc=Repayment, cardNo= 852852852852]],[]>
2023-01-29 01:53:51 [http-nio-8085-exec-5] INFO  com.natwest.aspect.LoggerAspect - *********** Around advice called ***************
2023-01-29 01:53:51 [http-nio-8085-exec-5] INFO  com.natwest.aspect.LoggerAspect - Method name executed: com.natwest.controller.TransactionController
2023-01-29 01:53:51 [http-nio-8085-exec-5] INFO  com.natwest.aspect.LoggerAspect - Method output: <200 OK OK,[Transaction [transactionId=1, transactionType=Credit, transactionAmount=10000.0, transactionDate=2023-01-28T12:42:59.415811, transactionDesc=Interest, cardNo= 898989898989], Transaction [transactionId=2, transactionType=Debit, transactionAmount=20000.0, transactionDate=2023-01-28T12:43:16.411323, transactionDesc=Rent Payment, cardNo= 898989898989], Transaction [transactionId=3, transactionType=Debit, transactionAmount=5000.0, transactionDate=2023-01-28T12:44:19.893169, transactionDesc=Bill Payment, cardNo= 898989898989], Transaction [transactionId=4, transactionType=Debit, transactionAmount=1000.0, transactionDate=2023-01-28T12:44:35.000663, transactionDesc=Food Bill, cardNo= 898989898989], Transaction [transactionId=5, transactionType=Credit, transactionAmount=80000.0, transactionDate=2023-01-28T12:44:57.487925, transactionDesc=Salary, cardNo= 898989898989], Transaction [transactionId=6, transactionType=Debit, transactionAmount=2000.0, transactionDate=2023-01-28T12:45:34.725252, transactionDesc=Medicine Bill, cardNo= 898989898989], Transaction [transactionId=7, transactionType=Debit, transactionAmount=1800.0, transactionDate=2023-01-28T12:55:52.201694, transactionDesc=Electricity Bill, cardNo= 232323232323], Transaction [transactionId=8, transactionType=Credit, transactionAmount=2900.0, transactionDate=2023-01-28T12:56:36.590936, transactionDesc=Reward Redemption, cardNo= 232323232323], Transaction [transactionId=9, transactionType=Debit, transactionAmount=500.0, transactionDate=2023-01-28T12:57:33.567913, transactionDesc=Fuel Expense, cardNo= 232323232323], Transaction [transactionId=52, transactionType=Debit, transactionAmount=5000.0, transactionDate=2023-01-28T20:17:16.749333, transactionDesc=Dinning Expense, cardNo= 852852852852], Transaction [transactionId=53, transactionType=Credit, transactionAmount=2000.0, transactionDate=2023-01-28T20:17:42.285087, transactionDesc=Repayment, cardNo= 852852852852]],[]>
2023-01-29 01:55:40 [AsyncResolver-bootstrap-executor-0] INFO  c.n.d.s.r.aws.ConfigClusterResolver - Resolving eureka endpoints via configuration
2023-01-29 01:56:12 [http-nio-8085-exec-7] INFO  com.natwest.aspect.LoggerAspect - *********** Around advice called ***************
2023-01-29 01:56:12 [http-nio-8085-exec-7] INFO  com.natwest.aspect.LoggerAspect - Method name executed: com.natwest.controller.TransactionController
2023-01-29 01:56:12 [http-nio-8085-exec-7] INFO  com.natwest.aspect.LoggerAspect - Method output: <200 OK OK,[Transaction [transactionId=1, transactionType=Credit, transactionAmount=10000.0, transactionDate=2023-01-28T12:42:59.415811, transactionDesc=Interest, cardNo= 898989898989], Transaction [transactionId=2, transactionType=Debit, transactionAmount=20000.0, transactionDate=2023-01-28T12:43:16.411323, transactionDesc=Rent Payment, cardNo= 898989898989], Transaction [transactionId=3, transactionType=Debit, transactionAmount=5000.0, transactionDate=2023-01-28T12:44:19.893169, transactionDesc=Bill Payment, cardNo= 898989898989], Transaction [transactionId=4, transactionType=Debit, transactionAmount=1000.0, transactionDate=2023-01-28T12:44:35.000663, transactionDesc=Food Bill, cardNo= 898989898989], Transaction [transactionId=5, transactionType=Credit, transactionAmount=80000.0, transactionDate=2023-01-28T12:44:57.487925, transactionDesc=Salary, cardNo= 898989898989], Transaction [transactionId=6, transactionType=Debit, transactionAmount=2000.0, transactionDate=2023-01-28T12:45:34.725252, transactionDesc=Medicine Bill, cardNo= 898989898989], Transaction [transactionId=7, transactionType=Debit, transactionAmount=1800.0, transactionDate=2023-01-28T12:55:52.201694, transactionDesc=Electricity Bill, cardNo= 232323232323], Transaction [transactionId=8, transactionType=Credit, transactionAmount=2900.0, transactionDate=2023-01-28T12:56:36.590936, transactionDesc=Reward Redemption, cardNo= 232323232323], Transaction [transactionId=9, transactionType=Debit, transactionAmount=500.0, transactionDate=2023-01-28T12:57:33.567913, transactionDesc=Fuel Expense, cardNo= 232323232323], Transaction [transactionId=52, transactionType=Debit, transactionAmount=5000.0, transactionDate=2023-01-28T20:17:16.749333, transactionDesc=Dinning Expense, cardNo= 852852852852], Transaction [transactionId=53, transactionType=Credit, transactionAmount=2000.0, transactionDate=2023-01-28T20:17:42.285087, transactionDesc=Repayment, cardNo= 852852852852]],[]>
2023-01-29 01:56:38 [http-nio-8085-exec-8] INFO  com.natwest.aspect.LoggerAspect - *********** Around advice called ***************
2023-01-29 01:56:38 [http-nio-8085-exec-8] INFO  com.natwest.aspect.LoggerAspect - Method name executed: com.natwest.controller.TransactionController
2023-01-29 01:56:38 [http-nio-8085-exec-8] INFO  com.natwest.aspect.LoggerAspect - Method output: <200 OK OK,[Transaction [transactionId=1, transactionType=Credit, transactionAmount=10000.0, transactionDate=2023-01-28T12:42:59.415811, transactionDesc=Interest, cardNo= 898989898989], Transaction [transactionId=2, transactionType=Debit, transactionAmount=20000.0, transactionDate=2023-01-28T12:43:16.411323, transactionDesc=Rent Payment, cardNo= 898989898989], Transaction [transactionId=3, transactionType=Debit, transactionAmount=5000.0, transactionDate=2023-01-28T12:44:19.893169, transactionDesc=Bill Payment, cardNo= 898989898989], Transaction [transactionId=4, transactionType=Debit, transactionAmount=1000.0, transactionDate=2023-01-28T12:44:35.000663, transactionDesc=Food Bill, cardNo= 898989898989], Transaction [transactionId=5, transactionType=Credit, transactionAmount=80000.0, transactionDate=2023-01-28T12:44:57.487925, transactionDesc=Salary, cardNo= 898989898989], Transaction [transactionId=6, transactionType=Debit, transactionAmount=2000.0, transactionDate=2023-01-28T12:45:34.725252, transactionDesc=Medicine Bill, cardNo= 898989898989], Transaction [transactionId=7, transactionType=Debit, transactionAmount=1800.0, transactionDate=2023-01-28T12:55:52.201694, transactionDesc=Electricity Bill, cardNo= 232323232323], Transaction [transactionId=8, transactionType=Credit, transactionAmount=2900.0, transactionDate=2023-01-28T12:56:36.590936, transactionDesc=Reward Redemption, cardNo= 232323232323], Transaction [transactionId=9, transactionType=Debit, transactionAmount=500.0, transactionDate=2023-01-28T12:57:33.567913, transactionDesc=Fuel Expense, cardNo= 232323232323], Transaction [transactionId=52, transactionType=Debit, transactionAmount=5000.0, transactionDate=2023-01-28T20:17:16.749333, transactionDesc=Dinning Expense, cardNo= 852852852852], Transaction [transactionId=53, transactionType=Credit, transactionAmount=2000.0, transactionDate=2023-01-28T20:17:42.285087, transactionDesc=Repayment, cardNo= 852852852852]],[]>
2023-01-29 01:56:47 [http-nio-8085-exec-9] INFO  com.natwest.aspect.LoggerAspect - *********** Around advice called ***************
2023-01-29 01:56:47 [http-nio-8085-exec-9] INFO  com.natwest.aspect.LoggerAspect - Method name executed: com.natwest.controller.TransactionController
2023-01-29 01:56:47 [http-nio-8085-exec-9] INFO  com.natwest.aspect.LoggerAspect - Method output: <200 OK OK,[Transaction [transactionId=1, transactionType=Credit, transactionAmount=10000.0, transactionDate=2023-01-28T12:42:59.415811, transactionDesc=Interest, cardNo= 898989898989], Transaction [transactionId=2, transactionType=Debit, transactionAmount=20000.0, transactionDate=2023-01-28T12:43:16.411323, transactionDesc=Rent Payment, cardNo= 898989898989], Transaction [transactionId=3, transactionType=Debit, transactionAmount=5000.0, transactionDate=2023-01-28T12:44:19.893169, transactionDesc=Bill Payment, cardNo= 898989898989], Transaction [transactionId=4, transactionType=Debit, transactionAmount=1000.0, transactionDate=2023-01-28T12:44:35.000663, transactionDesc=Food Bill, cardNo= 898989898989], Transaction [transactionId=5, transactionType=Credit, transactionAmount=80000.0, transactionDate=2023-01-28T12:44:57.487925, transactionDesc=Salary, cardNo= 898989898989], Transaction [transactionId=6, transactionType=Debit, transactionAmount=2000.0, transactionDate=2023-01-28T12:45:34.725252, transactionDesc=Medicine Bill, cardNo= 898989898989], Transaction [transactionId=7, transactionType=Debit, transactionAmount=1800.0, transactionDate=2023-01-28T12:55:52.201694, transactionDesc=Electricity Bill, cardNo= 232323232323], Transaction [transactionId=8, transactionType=Credit, transactionAmount=2900.0, transactionDate=2023-01-28T12:56:36.590936, transactionDesc=Reward Redemption, cardNo= 232323232323], Transaction [transactionId=9, transactionType=Debit, transactionAmount=500.0, transactionDate=2023-01-28T12:57:33.567913, transactionDesc=Fuel Expense, cardNo= 232323232323], Transaction [transactionId=52, transactionType=Debit, transactionAmount=5000.0, transactionDate=2023-01-28T20:17:16.749333, transactionDesc=Dinning Expense, cardNo= 852852852852], Transaction [transactionId=53, transactionType=Credit, transactionAmount=2000.0, transactionDate=2023-01-28T20:17:42.285087, transactionDesc=Repayment, cardNo= 852852852852]],[]>
2023-01-29 01:57:13 [http-nio-8085-exec-10] INFO  com.natwest.aspect.LoggerAspect - *********** Around advice called ***************
2023-01-29 01:57:13 [http-nio-8085-exec-10] INFO  com.natwest.aspect.LoggerAspect - Method name executed: com.natwest.controller.TransactionController
2023-01-29 01:57:13 [http-nio-8085-exec-10] INFO  com.natwest.aspect.LoggerAspect - Method output: <200 OK OK,[Transaction [transactionId=1, transactionType=Credit, transactionAmount=10000.0, transactionDate=2023-01-28T12:42:59.415811, transactionDesc=Interest, cardNo= 898989898989], Transaction [transactionId=2, transactionType=Debit, transactionAmount=20000.0, transactionDate=2023-01-28T12:43:16.411323, transactionDesc=Rent Payment, cardNo= 898989898989], Transaction [transactionId=3, transactionType=Debit, transactionAmount=5000.0, transactionDate=2023-01-28T12:44:19.893169, transactionDesc=Bill Payment, cardNo= 898989898989], Transaction [transactionId=4, transactionType=Debit, transactionAmount=1000.0, transactionDate=2023-01-28T12:44:35.000663, transactionDesc=Food Bill, cardNo= 898989898989], Transaction [transactionId=5, transactionType=Credit, transactionAmount=80000.0, transactionDate=2023-01-28T12:44:57.487925, transactionDesc=Salary, cardNo= 898989898989], Transaction [transactionId=6, transactionType=Debit, transactionAmount=2000.0, transactionDate=2023-01-28T12:45:34.725252, transactionDesc=Medicine Bill, cardNo= 898989898989], Transaction [transactionId=7, transactionType=Debit, transactionAmount=1800.0, transactionDate=2023-01-28T12:55:52.201694, transactionDesc=Electricity Bill, cardNo= 232323232323], Transaction [transactionId=8, transactionType=Credit, transactionAmount=2900.0, transactionDate=2023-01-28T12:56:36.590936, transactionDesc=Reward Redemption, cardNo= 232323232323], Transaction [transactionId=9, transactionType=Debit, transactionAmount=500.0, transactionDate=2023-01-28T12:57:33.567913, transactionDesc=Fuel Expense, cardNo= 232323232323], Transaction [transactionId=52, transactionType=Debit, transactionAmount=5000.0, transactionDate=2023-01-28T20:17:16.749333, transactionDesc=Dinning Expense, cardNo= 852852852852], Transaction [transactionId=53, transactionType=Credit, transactionAmount=2000.0, transactionDate=2023-01-28T20:17:42.285087, transactionDesc=Repayment, cardNo= 852852852852]],[]>
2023-01-29 01:57:41 [http-nio-8085-exec-1] INFO  com.natwest.aspect.LoggerAspect - *********** Around advice called ***************
2023-01-29 01:57:41 [http-nio-8085-exec-1] INFO  com.natwest.aspect.LoggerAspect - Method name executed: com.natwest.controller.TransactionController
2023-01-29 01:57:41 [http-nio-8085-exec-1] INFO  com.natwest.aspect.LoggerAspect - Method output: <200 OK OK,[Transaction [transactionId=1, transactionType=Credit, transactionAmount=10000.0, transactionDate=2023-01-28T12:42:59.415811, transactionDesc=Interest, cardNo= 898989898989], Transaction [transactionId=2, transactionType=Debit, transactionAmount=20000.0, transactionDate=2023-01-28T12:43:16.411323, transactionDesc=Rent Payment, cardNo= 898989898989], Transaction [transactionId=3, transactionType=Debit, transactionAmount=5000.0, transactionDate=2023-01-28T12:44:19.893169, transactionDesc=Bill Payment, cardNo= 898989898989], Transaction [transactionId=4, transactionType=Debit, transactionAmount=1000.0, transactionDate=2023-01-28T12:44:35.000663, transactionDesc=Food Bill, cardNo= 898989898989], Transaction [transactionId=5, transactionType=Credit, transactionAmount=80000.0, transactionDate=2023-01-28T12:44:57.487925, transactionDesc=Salary, cardNo= 898989898989], Transaction [transactionId=6, transactionType=Debit, transactionAmount=2000.0, transactionDate=2023-01-28T12:45:34.725252, transactionDesc=Medicine Bill, cardNo= 898989898989], Transaction [transactionId=7, transactionType=Debit, transactionAmount=1800.0, transactionDate=2023-01-28T12:55:52.201694, transactionDesc=Electricity Bill, cardNo= 232323232323], Transaction [transactionId=8, transactionType=Credit, transactionAmount=2900.0, transactionDate=2023-01-28T12:56:36.590936, transactionDesc=Reward Redemption, cardNo= 232323232323], Transaction [transactionId=9, transactionType=Debit, transactionAmount=500.0, transactionDate=2023-01-28T12:57:33.567913, transactionDesc=Fuel Expense, cardNo= 232323232323], Transaction [transactionId=52, transactionType=Debit, transactionAmount=5000.0, transactionDate=2023-01-28T20:17:16.749333, transactionDesc=Dinning Expense, cardNo= 852852852852], Transaction [transactionId=53, transactionType=Credit, transactionAmount=2000.0, transactionDate=2023-01-28T20:17:42.285087, transactionDesc=Repayment, cardNo= 852852852852]],[]>
2023-01-29 02:00:40 [AsyncResolver-bootstrap-executor-0] INFO  c.n.d.s.r.aws.ConfigClusterResolver - Resolving eureka endpoints via configuration
2023-01-29 02:02:37 [http-nio-8085-exec-3] INFO  com.natwest.aspect.LoggerAspect - *********** Around advice called ***************
2023-01-29 02:02:37 [http-nio-8085-exec-3] INFO  com.natwest.aspect.LoggerAspect - Method name executed: com.natwest.controller.TransactionController
2023-01-29 02:02:37 [http-nio-8085-exec-3] INFO  com.natwest.aspect.LoggerAspect - Method output: <200 OK OK,[Transaction [transactionId=1, transactionType=Credit, transactionAmount=10000.0, transactionDate=2023-01-28T12:42:59.415811, transactionDesc=Interest, cardNo= 898989898989], Transaction [transactionId=2, transactionType=Debit, transactionAmount=20000.0, transactionDate=2023-01-28T12:43:16.411323, transactionDesc=Rent Payment, cardNo= 898989898989], Transaction [transactionId=3, transactionType=Debit, transactionAmount=5000.0, transactionDate=2023-01-28T12:44:19.893169, transactionDesc=Bill Payment, cardNo= 898989898989], Transaction [transactionId=4, transactionType=Debit, transactionAmount=1000.0, transactionDate=2023-01-28T12:44:35.000663, transactionDesc=Food Bill, cardNo= 898989898989], Transaction [transactionId=5, transactionType=Credit, transactionAmount=80000.0, transactionDate=2023-01-28T12:44:57.487925, transactionDesc=Salary, cardNo= 898989898989], Transaction [transactionId=6, transactionType=Debit, transactionAmount=2000.0, transactionDate=2023-01-28T12:45:34.725252, transactionDesc=Medicine Bill, cardNo= 898989898989], Transaction [transactionId=7, transactionType=Debit, transactionAmount=1800.0, transactionDate=2023-01-28T12:55:52.201694, transactionDesc=Electricity Bill, cardNo= 232323232323], Transaction [transactionId=8, transactionType=Credit, transactionAmount=2900.0, transactionDate=2023-01-28T12:56:36.590936, transactionDesc=Reward Redemption, cardNo= 232323232323], Transaction [transactionId=9, transactionType=Debit, transactionAmount=500.0, transactionDate=2023-01-28T12:57:33.567913, transactionDesc=Fuel Expense, cardNo= 232323232323], Transaction [transactionId=52, transactionType=Debit, transactionAmount=5000.0, transactionDate=2023-01-28T20:17:16.749333, transactionDesc=Dinning Expense, cardNo= 852852852852], Transaction [transactionId=53, transactionType=Credit, transactionAmount=2000.0, transactionDate=2023-01-28T20:17:42.285087, transactionDesc=Repayment, cardNo= 852852852852]],[]>
2023-01-29 02:02:38 [http-nio-8085-exec-4] INFO  com.natwest.aspect.LoggerAspect - *********** Around advice called ***************
2023-01-29 02:02:38 [http-nio-8085-exec-4] INFO  com.natwest.aspect.LoggerAspect - Method name executed: com.natwest.controller.TransactionController
2023-01-29 02:02:38 [http-nio-8085-exec-4] INFO  com.natwest.aspect.LoggerAspect - Method output: <200 OK OK,[Transaction [transactionId=1, transactionType=Credit, transactionAmount=10000.0, transactionDate=2023-01-28T12:42:59.415811, transactionDesc=Interest, cardNo= 898989898989], Transaction [transactionId=2, transactionType=Debit, transactionAmount=20000.0, transactionDate=2023-01-28T12:43:16.411323, transactionDesc=Rent Payment, cardNo= 898989898989], Transaction [transactionId=3, transactionType=Debit, transactionAmount=5000.0, transactionDate=2023-01-28T12:44:19.893169, transactionDesc=Bill Payment, cardNo= 898989898989], Transaction [transactionId=4, transactionType=Debit, transactionAmount=1000.0, transactionDate=2023-01-28T12:44:35.000663, transactionDesc=Food Bill, cardNo= 898989898989], Transaction [transactionId=5, transactionType=Credit, transactionAmount=80000.0, transactionDate=2023-01-28T12:44:57.487925, transactionDesc=Salary, cardNo= 898989898989], Transaction [transactionId=6, transactionType=Debit, transactionAmount=2000.0, transactionDate=2023-01-28T12:45:34.725252, transactionDesc=Medicine Bill, cardNo= 898989898989], Transaction [transactionId=7, transactionType=Debit, transactionAmount=1800.0, transactionDate=2023-01-28T12:55:52.201694, transactionDesc=Electricity Bill, cardNo= 232323232323], Transaction [transactionId=8, transactionType=Credit, transactionAmount=2900.0, transactionDate=2023-01-28T12:56:36.590936, transactionDesc=Reward Redemption, cardNo= 232323232323], Transaction [transactionId=9, transactionType=Debit, transactionAmount=500.0, transactionDate=2023-01-28T12:57:33.567913, transactionDesc=Fuel Expense, cardNo= 232323232323], Transaction [transactionId=52, transactionType=Debit, transactionAmount=5000.0, transactionDate=2023-01-28T20:17:16.749333, transactionDesc=Dinning Expense, cardNo= 852852852852], Transaction [transactionId=53, transactionType=Credit, transactionAmount=2000.0, transactionDate=2023-01-28T20:17:42.285087, transactionDesc=Repayment, cardNo= 852852852852]],[]>
2023-01-29 02:05:40 [AsyncResolver-bootstrap-executor-0] INFO  c.n.d.s.r.aws.ConfigClusterResolver - Resolving eureka endpoints via configuration
2023-01-29 02:07:05 [http-nio-8085-exec-6] INFO  com.natwest.aspect.LoggerAspect - *********** Around advice called ***************
2023-01-29 02:07:05 [http-nio-8085-exec-6] INFO  com.natwest.aspect.LoggerAspect - Method name executed: com.natwest.controller.TransactionController
2023-01-29 02:07:05 [http-nio-8085-exec-6] INFO  com.natwest.aspect.LoggerAspect - Method output: <200 OK OK,[Transaction [transactionId=1, transactionType=Credit, transactionAmount=10000.0, transactionDate=2023-01-28T12:42:59.415811, transactionDesc=Interest, cardNo= 898989898989], Transaction [transactionId=2, transactionType=Debit, transactionAmount=20000.0, transactionDate=2023-01-28T12:43:16.411323, transactionDesc=Rent Payment, cardNo= 898989898989], Transaction [transactionId=3, transactionType=Debit, transactionAmount=5000.0, transactionDate=2023-01-28T12:44:19.893169, transactionDesc=Bill Payment, cardNo= 898989898989], Transaction [transactionId=4, transactionType=Debit, transactionAmount=1000.0, transactionDate=2023-01-28T12:44:35.000663, transactionDesc=Food Bill, cardNo= 898989898989], Transaction [transactionId=5, transactionType=Credit, transactionAmount=80000.0, transactionDate=2023-01-28T12:44:57.487925, transactionDesc=Salary, cardNo= 898989898989], Transaction [transactionId=6, transactionType=Debit, transactionAmount=2000.0, transactionDate=2023-01-28T12:45:34.725252, transactionDesc=Medicine Bill, cardNo= 898989898989], Transaction [transactionId=7, transactionType=Debit, transactionAmount=1800.0, transactionDate=2023-01-28T12:55:52.201694, transactionDesc=Electricity Bill, cardNo= 232323232323], Transaction [transactionId=8, transactionType=Credit, transactionAmount=2900.0, transactionDate=2023-01-28T12:56:36.590936, transactionDesc=Reward Redemption, cardNo= 232323232323], Transaction [transactionId=9, transactionType=Debit, transactionAmount=500.0, transactionDate=2023-01-28T12:57:33.567913, transactionDesc=Fuel Expense, cardNo= 232323232323], Transaction [transactionId=52, transactionType=Debit, transactionAmount=5000.0, transactionDate=2023-01-28T20:17:16.749333, transactionDesc=Dinning Expense, cardNo= 852852852852], Transaction [transactionId=53, transactionType=Credit, transactionAmount=2000.0, transactionDate=2023-01-28T20:17:42.285087, transactionDesc=Repayment, cardNo= 852852852852]],[]>
2023-01-29 02:07:06 [http-nio-8085-exec-7] INFO  com.natwest.aspect.LoggerAspect - *********** Around advice called ***************
2023-01-29 02:07:06 [http-nio-8085-exec-7] INFO  com.natwest.aspect.LoggerAspect - Method name executed: com.natwest.controller.TransactionController
2023-01-29 02:07:06 [http-nio-8085-exec-7] INFO  com.natwest.aspect.LoggerAspect - Method output: <200 OK OK,[Transaction [transactionId=1, transactionType=Credit, transactionAmount=10000.0, transactionDate=2023-01-28T12:42:59.415811, transactionDesc=Interest, cardNo= 898989898989], Transaction [transactionId=2, transactionType=Debit, transactionAmount=20000.0, transactionDate=2023-01-28T12:43:16.411323, transactionDesc=Rent Payment, cardNo= 898989898989], Transaction [transactionId=3, transactionType=Debit, transactionAmount=5000.0, transactionDate=2023-01-28T12:44:19.893169, transactionDesc=Bill Payment, cardNo= 898989898989], Transaction [transactionId=4, transactionType=Debit, transactionAmount=1000.0, transactionDate=2023-01-28T12:44:35.000663, transactionDesc=Food Bill, cardNo= 898989898989], Transaction [transactionId=5, transactionType=Credit, transactionAmount=80000.0, transactionDate=2023-01-28T12:44:57.487925, transactionDesc=Salary, cardNo= 898989898989], Transaction [transactionId=6, transactionType=Debit, transactionAmount=2000.0, transactionDate=2023-01-28T12:45:34.725252, transactionDesc=Medicine Bill, cardNo= 898989898989], Transaction [transactionId=7, transactionType=Debit, transactionAmount=1800.0, transactionDate=2023-01-28T12:55:52.201694, transactionDesc=Electricity Bill, cardNo= 232323232323], Transaction [transactionId=8, transactionType=Credit, transactionAmount=2900.0, transactionDate=2023-01-28T12:56:36.590936, transactionDesc=Reward Redemption, cardNo= 232323232323], Transaction [transactionId=9, transactionType=Debit, transactionAmount=500.0, transactionDate=2023-01-28T12:57:33.567913, transactionDesc=Fuel Expense, cardNo= 232323232323], Transaction [transactionId=52, transactionType=Debit, transactionAmount=5000.0, transactionDate=2023-01-28T20:17:16.749333, transactionDesc=Dinning Expense, cardNo= 852852852852], Transaction [transactionId=53, transactionType=Credit, transactionAmount=2000.0, transactionDate=2023-01-28T20:17:42.285087, transactionDesc=Repayment, cardNo= 852852852852]],[]>
2023-01-29 02:07:15 [http-nio-8085-exec-8] INFO  com.natwest.aspect.LoggerAspect - *********** Around advice called ***************
2023-01-29 02:07:15 [http-nio-8085-exec-8] INFO  com.natwest.aspect.LoggerAspect - Method name executed: com.natwest.controller.TransactionController
2023-01-29 02:07:15 [http-nio-8085-exec-8] INFO  com.natwest.aspect.LoggerAspect - Method output: <200 OK OK,[Transaction [transactionId=1, transactionType=Credit, transactionAmount=10000.0, transactionDate=2023-01-28T12:42:59.415811, transactionDesc=Interest, cardNo= 898989898989], Transaction [transactionId=2, transactionType=Debit, transactionAmount=20000.0, transactionDate=2023-01-28T12:43:16.411323, transactionDesc=Rent Payment, cardNo= 898989898989], Transaction [transactionId=3, transactionType=Debit, transactionAmount=5000.0, transactionDate=2023-01-28T12:44:19.893169, transactionDesc=Bill Payment, cardNo= 898989898989], Transaction [transactionId=4, transactionType=Debit, transactionAmount=1000.0, transactionDate=2023-01-28T12:44:35.000663, transactionDesc=Food Bill, cardNo= 898989898989], Transaction [transactionId=5, transactionType=Credit, transactionAmount=80000.0, transactionDate=2023-01-28T12:44:57.487925, transactionDesc=Salary, cardNo= 898989898989], Transaction [transactionId=6, transactionType=Debit, transactionAmount=2000.0, transactionDate=2023-01-28T12:45:34.725252, transactionDesc=Medicine Bill, cardNo= 898989898989], Transaction [transactionId=7, transactionType=Debit, transactionAmount=1800.0, transactionDate=2023-01-28T12:55:52.201694, transactionDesc=Electricity Bill, cardNo= 232323232323], Transaction [transactionId=8, transactionType=Credit, transactionAmount=2900.0, transactionDate=2023-01-28T12:56:36.590936, transactionDesc=Reward Redemption, cardNo= 232323232323], Transaction [transactionId=9, transactionType=Debit, transactionAmount=500.0, transactionDate=2023-01-28T12:57:33.567913, transactionDesc=Fuel Expense, cardNo= 232323232323], Transaction [transactionId=52, transactionType=Debit, transactionAmount=5000.0, transactionDate=2023-01-28T20:17:16.749333, transactionDesc=Dinning Expense, cardNo= 852852852852], Transaction [transactionId=53, transactionType=Credit, transactionAmount=2000.0, transactionDate=2023-01-28T20:17:42.285087, transactionDesc=Repayment, cardNo= 852852852852]],[]>
2023-01-29 02:07:15 [http-nio-8085-exec-9] INFO  com.natwest.aspect.LoggerAspect - *********** Around advice called ***************
2023-01-29 02:07:15 [http-nio-8085-exec-9] INFO  com.natwest.aspect.LoggerAspect - Method name executed: com.natwest.controller.TransactionController
2023-01-29 02:07:15 [http-nio-8085-exec-9] INFO  com.natwest.aspect.LoggerAspect - Method output: <200 OK OK,[Transaction [transactionId=1, transactionType=Credit, transactionAmount=10000.0, transactionDate=2023-01-28T12:42:59.415811, transactionDesc=Interest, cardNo= 898989898989], Transaction [transactionId=2, transactionType=Debit, transactionAmount=20000.0, transactionDate=2023-01-28T12:43:16.411323, transactionDesc=Rent Payment, cardNo= 898989898989], Transaction [transactionId=3, transactionType=Debit, transactionAmount=5000.0, transactionDate=2023-01-28T12:44:19.893169, transactionDesc=Bill Payment, cardNo= 898989898989], Transaction [transactionId=4, transactionType=Debit, transactionAmount=1000.0, transactionDate=2023-01-28T12:44:35.000663, transactionDesc=Food Bill, cardNo= 898989898989], Transaction [transactionId=5, transactionType=Credit, transactionAmount=80000.0, transactionDate=2023-01-28T12:44:57.487925, transactionDesc=Salary, cardNo= 898989898989], Transaction [transactionId=6, transactionType=Debit, transactionAmount=2000.0, transactionDate=2023-01-28T12:45:34.725252, transactionDesc=Medicine Bill, cardNo= 898989898989], Transaction [transactionId=7, transactionType=Debit, transactionAmount=1800.0, transactionDate=2023-01-28T12:55:52.201694, transactionDesc=Electricity Bill, cardNo= 232323232323], Transaction [transactionId=8, transactionType=Credit, transactionAmount=2900.0, transactionDate=2023-01-28T12:56:36.590936, transactionDesc=Reward Redemption, cardNo= 232323232323], Transaction [transactionId=9, transactionType=Debit, transactionAmount=500.0, transactionDate=2023-01-28T12:57:33.567913, transactionDesc=Fuel Expense, cardNo= 232323232323], Transaction [transactionId=52, transactionType=Debit, transactionAmount=5000.0, transactionDate=2023-01-28T20:17:16.749333, transactionDesc=Dinning Expense, cardNo= 852852852852], Transaction [transactionId=53, transactionType=Credit, transactionAmount=2000.0, transactionDate=2023-01-28T20:17:42.285087, transactionDesc=Repayment, cardNo= 852852852852]],[]>
2023-01-29 02:10:40 [AsyncResolver-bootstrap-executor-0] INFO  c.n.d.s.r.aws.ConfigClusterResolver - Resolving eureka endpoints via configuration
2023-01-29 02:15:40 [AsyncResolver-bootstrap-executor-0] INFO  c.n.d.s.r.aws.ConfigClusterResolver - Resolving eureka endpoints via configuration
2023-01-29 02:20:40 [AsyncResolver-bootstrap-executor-0] INFO  c.n.d.s.r.aws.ConfigClusterResolver - Resolving eureka endpoints via configuration
2023-01-29 02:25:40 [AsyncResolver-bootstrap-executor-0] INFO  c.n.d.s.r.aws.ConfigClusterResolver - Resolving eureka endpoints via configuration
2023-01-29 02:30:40 [AsyncResolver-bootstrap-executor-0] INFO  c.n.d.s.r.aws.ConfigClusterResolver - Resolving eureka endpoints via configuration
2023-01-29 02:32:13 [http-nio-8085-exec-1] INFO  com.natwest.aspect.LoggerAspect - *********** Around advice called ***************
2023-01-29 02:32:13 [http-nio-8085-exec-1] INFO  com.natwest.aspect.LoggerAspect - Method name executed: com.natwest.controller.TransactionController
2023-01-29 02:32:13 [http-nio-8085-exec-1] INFO  com.natwest.aspect.LoggerAspect - Method output: <200 OK OK,[Transaction [transactionId=1, transactionType=Credit, transactionAmount=10000.0, transactionDate=2023-01-28T12:42:59.415811, transactionDesc=Interest, cardNo= 898989898989], Transaction [transactionId=2, transactionType=Debit, transactionAmount=20000.0, transactionDate=2023-01-28T12:43:16.411323, transactionDesc=Rent Payment, cardNo= 898989898989], Transaction [transactionId=3, transactionType=Debit, transactionAmount=5000.0, transactionDate=2023-01-28T12:44:19.893169, transactionDesc=Bill Payment, cardNo= 898989898989], Transaction [transactionId=4, transactionType=Debit, transactionAmount=1000.0, transactionDate=2023-01-28T12:44:35.000663, transactionDesc=Food Bill, cardNo= 898989898989], Transaction [transactionId=5, transactionType=Credit, transactionAmount=80000.0, transactionDate=2023-01-28T12:44:57.487925, transactionDesc=Salary, cardNo= 898989898989], Transaction [transactionId=6, transactionType=Debit, transactionAmount=2000.0, transactionDate=2023-01-28T12:45:34.725252, transactionDesc=Medicine Bill, cardNo= 898989898989], Transaction [transactionId=7, transactionType=Debit, transactionAmount=1800.0, transactionDate=2023-01-28T12:55:52.201694, transactionDesc=Electricity Bill, cardNo= 232323232323], Transaction [transactionId=8, transactionType=Credit, transactionAmount=2900.0, transactionDate=2023-01-28T12:56:36.590936, transactionDesc=Reward Redemption, cardNo= 232323232323], Transaction [transactionId=9, transactionType=Debit, transactionAmount=500.0, transactionDate=2023-01-28T12:57:33.567913, transactionDesc=Fuel Expense, cardNo= 232323232323], Transaction [transactionId=52, transactionType=Debit, transactionAmount=5000.0, transactionDate=2023-01-28T20:17:16.749333, transactionDesc=Dinning Expense, cardNo= 852852852852], Transaction [transactionId=53, transactionType=Credit, transactionAmount=2000.0, transactionDate=2023-01-28T20:17:42.285087, transactionDesc=Repayment, cardNo= 852852852852]],[]>
2023-01-29 02:32:13 [http-nio-8085-exec-2] INFO  com.natwest.aspect.LoggerAspect - *********** Around advice called ***************
2023-01-29 02:32:13 [http-nio-8085-exec-2] INFO  com.natwest.aspect.LoggerAspect - Method name executed: com.natwest.controller.TransactionController
2023-01-29 02:32:13 [http-nio-8085-exec-2] INFO  com.natwest.aspect.LoggerAspect - Method output: <200 OK OK,[Transaction [transactionId=1, transactionType=Credit, transactionAmount=10000.0, transactionDate=2023-01-28T12:42:59.415811, transactionDesc=Interest, cardNo= 898989898989], Transaction [transactionId=2, transactionType=Debit, transactionAmount=20000.0, transactionDate=2023-01-28T12:43:16.411323, transactionDesc=Rent Payment, cardNo= 898989898989], Transaction [transactionId=3, transactionType=Debit, transactionAmount=5000.0, transactionDate=2023-01-28T12:44:19.893169, transactionDesc=Bill Payment, cardNo= 898989898989], Transaction [transactionId=4, transactionType=Debit, transactionAmount=1000.0, transactionDate=2023-01-28T12:44:35.000663, transactionDesc=Food Bill, cardNo= 898989898989], Transaction [transactionId=5, transactionType=Credit, transactionAmount=80000.0, transactionDate=2023-01-28T12:44:57.487925, transactionDesc=Salary, cardNo= 898989898989], Transaction [transactionId=6, transactionType=Debit, transactionAmount=2000.0, transactionDate=2023-01-28T12:45:34.725252, transactionDesc=Medicine Bill, cardNo= 898989898989], Transaction [transactionId=7, transactionType=Debit, transactionAmount=1800.0, transactionDate=2023-01-28T12:55:52.201694, transactionDesc=Electricity Bill, cardNo= 232323232323], Transaction [transactionId=8, transactionType=Credit, transactionAmount=2900.0, transactionDate=2023-01-28T12:56:36.590936, transactionDesc=Reward Redemption, cardNo= 232323232323], Transaction [transactionId=9, transactionType=Debit, transactionAmount=500.0, transactionDate=2023-01-28T12:57:33.567913, transactionDesc=Fuel Expense, cardNo= 232323232323], Transaction [transactionId=52, transactionType=Debit, transactionAmount=5000.0, transactionDate=2023-01-28T20:17:16.749333, transactionDesc=Dinning Expense, cardNo= 852852852852], Transaction [transactionId=53, transactionType=Credit, transactionAmount=2000.0, transactionDate=2023-01-28T20:17:42.285087, transactionDesc=Repayment, cardNo= 852852852852]],[]>
2023-01-29 02:35:40 [AsyncResolver-bootstrap-executor-0] INFO  c.n.d.s.r.aws.ConfigClusterResolver - Resolving eureka endpoints via configuration
2023-01-29 02:40:40 [AsyncResolver-bootstrap-executor-0] INFO  c.n.d.s.r.aws.ConfigClusterResolver - Resolving eureka endpoints via configuration
2023-01-29 02:45:40 [AsyncResolver-bootstrap-executor-0] INFO  c.n.d.s.r.aws.ConfigClusterResolver - Resolving eureka endpoints via configuration
2023-01-29 02:50:40 [AsyncResolver-bootstrap-executor-0] INFO  c.n.d.s.r.aws.ConfigClusterResolver - Resolving eureka endpoints via configuration
2023-01-29 02:55:40 [AsyncResolver-bootstrap-executor-0] INFO  c.n.d.s.r.aws.ConfigClusterResolver - Resolving eureka endpoints via configuration
2023-01-29 03:00:40 [AsyncResolver-bootstrap-executor-0] INFO  c.n.d.s.r.aws.ConfigClusterResolver - Resolving eureka endpoints via configuration
2023-01-29 03:05:40 [AsyncResolver-bootstrap-executor-0] INFO  c.n.d.s.r.aws.ConfigClusterResolver - Resolving eureka endpoints via configuration
2023-01-29 03:10:40 [AsyncResolver-bootstrap-executor-0] INFO  c.n.d.s.r.aws.ConfigClusterResolver - Resolving eureka endpoints via configuration
2023-01-29 03:15:40 [AsyncResolver-bootstrap-executor-0] INFO  c.n.d.s.r.aws.ConfigClusterResolver - Resolving eureka endpoints via configuration
2023-01-29 03:20:40 [AsyncResolver-bootstrap-executor-0] INFO  c.n.d.s.r.aws.ConfigClusterResolver - Resolving eureka endpoints via configuration
